Performing C SOURCE FILE Test FLAG_SUPPORTED_Wcomma failed with the following output:
Change Dir: /home/pi/iota.c/build/cjson/src/ext_cjson/CMakeFiles/CMakeTmp

Run Build Command(s):/usr/bin/make cmTC_76921/fast && make[3]: Entering directory '/home/pi/iota.c/build/cjson/src/ext_cjson/CMakeFiles/CMakeTmp'
/usr/bin/make -f CMakeFiles/cmTC_76921.dir/build.make CMakeFiles/cmTC_76921.dir/build
make[4]: Entering directory '/home/pi/iota.c/build/cjson/src/ext_cjson/CMakeFiles/CMakeTmp'
Building C object CMakeFiles/cmTC_76921.dir/src.c.o
/usr/bin/gcc   -std=c89 -pedantic -Wall -Wextra -Werror -Wstrict-prototypes -Wwrite-strings -Wshadow -Winit-self -Wcast-align -Wformat=2 -Wmissing-prototypes -Wstrict-overflow=2 -Wcast-qual -Wundef -Wswitch-default -Wconversion -Wc++-compat -fstack-protector-strong -DFLAG_SUPPORTED_Wcomma   -Wcomma -o CMakeFiles/cmTC_76921.dir/src.c.o   -c /home/pi/iota.c/build/cjson/src/ext_cjson/CMakeFiles/CMakeTmp/src.c
gcc: error: unrecognized command line option '-Wcomma'; did you mean '-Wcomment'?
make[4]: *** [CMakeFiles/cmTC_76921.dir/build.make:66: CMakeFiles/cmTC_76921.dir/src.c.o] Error 1
make[4]: Leaving directory '/home/pi/iota.c/build/cjson/src/ext_cjson/CMakeFiles/CMakeTmp'
make[3]: *** [Makefile:121: cmTC_76921/fast] Error 2
make[3]: Leaving directory '/home/pi/iota.c/build/cjson/src/ext_cjson/CMakeFiles/CMakeTmp'


Source file was:
int main(void) { return 0; }
Performing C SOURCE FILE Test FLAG_SUPPORTED_Wmissingvariabledeclarations failed with the following output:
Change Dir: /home/pi/iota.c/build/cjson/src/ext_cjson/CMakeFiles/CMakeTmp

Run Build Command(s):/usr/bin/make cmTC_80e01/fast && make[3]: Entering directory '/home/pi/iota.c/build/cjson/src/ext_cjson/CMakeFiles/CMakeTmp'
/usr/bin/make -f CMakeFiles/cmTC_80e01.dir/build.make CMakeFiles/cmTC_80e01.dir/build
make[4]: Entering directory '/home/pi/iota.c/build/cjson/src/ext_cjson/CMakeFiles/CMakeTmp'
Building C object CMakeFiles/cmTC_80e01.dir/src.c.o
/usr/bin/gcc   -std=c89 -pedantic -Wall -Wextra -Werror -Wstrict-prototypes -Wwrite-strings -Wshadow -Winit-self -Wcast-align -Wformat=2 -Wmissing-prototypes -Wstrict-overflow=2 -Wcast-qual -Wundef -Wswitch-default -Wconversion -Wc++-compat -fstack-protector-strong -Wdouble-promotion -Wparentheses -Wformat-overflow -Wunused-macros -DFLAG_SUPPORTED_Wmissingvariabledeclarations   -Wmissing-variable-declarations -o CMakeFiles/cmTC_80e01.dir/src.c.o   -c /home/pi/iota.c/build/cjson/src/ext_cjson/CMakeFiles/CMakeTmp/src.c
gcc: error: unrecognized command line option '-Wmissing-variable-declarations'; did you mean '-Wmissing-declarations'?
make[4]: *** [CMakeFiles/cmTC_80e01.dir/build.make:66: CMakeFiles/cmTC_80e01.dir/src.c.o] Error 1
make[4]: Leaving directory '/home/pi/iota.c/build/cjson/src/ext_cjson/CMakeFiles/CMakeTmp'
make[3]: *** [Makefile:121: cmTC_80e01/fast] Error 2
make[3]: Leaving directory '/home/pi/iota.c/build/cjson/src/ext_cjson/CMakeFiles/CMakeTmp'


Source file was:
int main(void) { return 0; }
Performing C SOURCE FILE Test FLAG_SUPPORTED_Wusedbutmarkedunused failed with the following output:
Change Dir: /home/pi/iota.c/build/cjson/src/ext_cjson/CMakeFiles/CMakeTmp

Run Build Command(s):/usr/bin/make cmTC_e0778/fast && make[3]: Entering directory '/home/pi/iota.c/build/cjson/src/ext_cjson/CMakeFiles/CMakeTmp'
/usr/bin/make -f CMakeFiles/cmTC_e0778.dir/build.make CMakeFiles/cmTC_e0778.dir/build
make[4]: Entering directory '/home/pi/iota.c/build/cjson/src/ext_cjson/CMakeFiles/CMakeTmp'
Building C object CMakeFiles/cmTC_e0778.dir/src.c.o
/usr/bin/gcc   -std=c89 -pedantic -Wall -Wextra -Werror -Wstrict-prototypes -Wwrite-strings -Wshadow -Winit-self -Wcast-align -Wformat=2 -Wmissing-prototypes -Wstrict-overflow=2 -Wcast-qual -Wundef -Wswitch-default -Wconversion -Wc++-compat -fstack-protector-strong -Wdouble-promotion -Wparentheses -Wformat-overflow -Wunused-macros -DFLAG_SUPPORTED_Wusedbutmarkedunused   -Wused-but-marked-unused -o CMakeFiles/cmTC_e0778.dir/src.c.o   -c /home/pi/iota.c/build/cjson/src/ext_cjson/CMakeFiles/CMakeTmp/src.c
gcc: error: unrecognized command line option '-Wused-but-marked-unused'
make[4]: *** [CMakeFiles/cmTC_e0778.dir/build.make:66: CMakeFiles/cmTC_e0778.dir/src.c.o] Error 1
make[4]: Leaving directory '/home/pi/iota.c/build/cjson/src/ext_cjson/CMakeFiles/CMakeTmp'
make[3]: *** [Makefile:121: cmTC_e0778/fast] Error 2
make[3]: Leaving directory '/home/pi/iota.c/build/cjson/src/ext_cjson/CMakeFiles/CMakeTmp'


Source file was:
int main(void) { return 0; }
