The system is: Linux - 5.10.17-v8+ - aarch64
Compiling the C compiler identification source file "CMakeCCompilerId.c" succeeded.
Compiler: /usr/bin/gcc 
Build flags: 
Id flags:  

The output was:
0


Compilation of the C compiler identification source "CMakeCCompilerId.c" produced "a.out"

The C compiler identification is GNU, found in "/home/pi/iota.c/build/cjson/src/ext_cjson/CMakeFiles/3.16.3/CompilerIdC/a.out"

Determining if the C compiler works passed with the following output:
Change Dir: /home/pi/iota.c/build/cjson/src/ext_cjson/CMakeFiles/CMakeTmp

Run Build Command(s):/usr/bin/make cmTC_1113c/fast && make[3]: Entering directory '/home/pi/iota.c/build/cjson/src/ext_cjson/CMakeFiles/CMakeTmp'
/usr/bin/make -f CMakeFiles/cmTC_1113c.dir/build.make CMakeFiles/cmTC_1113c.dir/build
make[4]: Entering directory '/home/pi/iota.c/build/cjson/src/ext_cjson/CMakeFiles/CMakeTmp'
Building C object CMakeFiles/cmTC_1113c.dir/testCCompiler.c.o
/usr/bin/gcc    -o CMakeFiles/cmTC_1113c.dir/testCCompiler.c.o   -c /home/pi/iota.c/build/cjson/src/ext_cjson/CMakeFiles/CMakeTmp/testCCompiler.c
Linking C executable cmTC_1113c
/usr/bin/cmake -E cmake_link_script CMakeFiles/cmTC_1113c.dir/link.txt --verbose=1
/usr/bin/gcc      -rdynamic CMakeFiles/cmTC_1113c.dir/testCCompiler.c.o  -o cmTC_1113c 
make[4]: Leaving directory '/home/pi/iota.c/build/cjson/src/ext_cjson/CMakeFiles/CMakeTmp'
make[3]: Leaving directory '/home/pi/iota.c/build/cjson/src/ext_cjson/CMakeFiles/CMakeTmp'



Detecting C compiler ABI info compiled with the following output:
Change Dir: /home/pi/iota.c/build/cjson/src/ext_cjson/CMakeFiles/CMakeTmp

Run Build Command(s):/usr/bin/make cmTC_72beb/fast && make[3]: Entering directory '/home/pi/iota.c/build/cjson/src/ext_cjson/CMakeFiles/CMakeTmp'
/usr/bin/make -f CMakeFiles/cmTC_72beb.dir/build.make CMakeFiles/cmTC_72beb.dir/build
make[4]: Entering directory '/home/pi/iota.c/build/cjson/src/ext_cjson/CMakeFiles/CMakeTmp'
Building C object CMakeFiles/cmTC_72beb.dir/CMakeCCompilerABI.c.o
/usr/bin/gcc   -v -o CMakeFiles/cmTC_72beb.dir/CMakeCCompilerABI.c.o   -c /usr/share/cmake-3.16/Modules/CMakeCCompilerABI.c
Using built-in specs.
COLLECT_GCC=/usr/bin/gcc
Target: aarch64-linux-gnu
Configured with: ../src/configure -v --with-pkgversion='Debian 8.3.0-6' --with-bugurl=file:///usr/share/doc/gcc-8/README.Bugs --enable-languages=c,ada,c++,go,d,fortran,objc,obj-c++ --prefix=/usr --with-gcc-major-version-only --program-suffix=-8 --program-prefix=aarch64-linux-gnu- --enable-shared --enable-linker-build-id --libexecdir=/usr/lib --without-included-gettext --enable-threads=posix --libdir=/usr/lib --enable-nls --enable-bootstrap --enable-clocale=gnu --enable-libstdcxx-debug --enable-libstdcxx-time=yes --with-default-libstdcxx-abi=new --enable-gnu-unique-object --disable-libquadmath --disable-libquadmath-support --enable-plugin --enable-default-pie --with-system-zlib --disable-libphobos --enable-multiarch --enable-fix-cortex-a53-843419 --disable-werror --enable-checking=release --build=aarch64-linux-gnu --host=aarch64-linux-gnu --target=aarch64-linux-gnu
Thread model: posix
gcc version 8.3.0 (Debian 8.3.0-6) 
COLLECT_GCC_OPTIONS='-v' '-o' 'CMakeFiles/cmTC_72beb.dir/CMakeCCompilerABI.c.o' '-c' '-mlittle-endian' '-mabi=lp64'
 /usr/lib/gcc/aarch64-linux-gnu/8/cc1 -quiet -v -imultiarch aarch64-linux-gnu /usr/share/cmake-3.16/Modules/CMakeCCompilerABI.c -quiet -dumpbase CMakeCCompilerABI.c -mlittle-endian -mabi=lp64 -auxbase-strip CMakeFiles/cmTC_72beb.dir/CMakeCCompilerABI.c.o -version -o /tmp/ccJtm8VN.s
GNU C17 (Debian 8.3.0-6) version 8.3.0 (aarch64-linux-gnu)
	compiled by GNU C version 8.3.0, GMP version 6.1.2, MPFR version 4.0.2, MPC version 1.1.0, isl version isl-0.20-GMP

GGC heuristics: --param ggc-min-expand=92 --param ggc-min-heapsize=116508
ignoring nonexistent directory "/usr/local/include/aarch64-linux-gnu"
ignoring nonexistent directory "/usr/lib/gcc/aarch64-linux-gnu/8/../../../../aarch64-linux-gnu/include"
#include "..." search starts here:
#include <...> search starts here:
 /usr/lib/gcc/aarch64-linux-gnu/8/include
 /usr/local/include
 /usr/lib/gcc/aarch64-linux-gnu/8/include-fixed
 /usr/include/aarch64-linux-gnu
 /usr/include
End of search list.
GNU C17 (Debian 8.3.0-6) version 8.3.0 (aarch64-linux-gnu)
	compiled by GNU C version 8.3.0, GMP version 6.1.2, MPFR version 4.0.2, MPC version 1.1.0, isl version isl-0.20-GMP

GGC heuristics: --param ggc-min-expand=92 --param ggc-min-heapsize=116508
Compiler executable checksum: b68f6f266e9be479e3064a3b1dd2dd2d
COLLECT_GCC_OPTIONS='-v' '-o' 'CMakeFiles/cmTC_72beb.dir/CMakeCCompilerABI.c.o' '-c' '-mlittle-endian' '-mabi=lp64'
 as -v -EL -mabi=lp64 -o CMakeFiles/cmTC_72beb.dir/CMakeCCompilerABI.c.o /tmp/ccJtm8VN.s
GNU assembler version 2.31.1 (aarch64-linux-gnu) using BFD version (GNU Binutils for Debian) 2.31.1
COMPILER_PATH=/usr/lib/gcc/aarch64-linux-gnu/8/:/usr/lib/gcc/aarch64-linux-gnu/8/:/usr/lib/gcc/aarch64-linux-gnu/:/usr/lib/gcc/aarch64-linux-gnu/8/:/usr/lib/gcc/aarch64-linux-gnu/
LIBRARY_PATH=/usr/lib/gcc/aarch64-linux-gnu/8/:/usr/lib/gcc/aarch64-linux-gnu/8/../../../aarch64-linux-gnu/:/usr/lib/gcc/aarch64-linux-gnu/8/../../../../lib/:/lib/aarch64-linux-gnu/:/lib/../lib/:/usr/lib/aarch64-linux-gnu/:/usr/lib/../lib/:/usr/lib/gcc/aarch64-linux-gnu/8/../../../:/lib/:/usr/lib/
COLLECT_GCC_OPTIONS='-v' '-o' 'CMakeFiles/cmTC_72beb.dir/CMakeCCompilerABI.c.o' '-c' '-mlittle-endian' '-mabi=lp64'
Linking C executable cmTC_72beb
/usr/bin/cmake -E cmake_link_script CMakeFiles/cmTC_72beb.dir/link.txt --verbose=1
/usr/bin/gcc     -v -rdynamic CMakeFiles/cmTC_72beb.dir/CMakeCCompilerABI.c.o  -o cmTC_72beb 
Using built-in specs.
COLLECT_GCC=/usr/bin/gcc
COLLECT_LTO_WRAPPER=/usr/lib/gcc/aarch64-linux-gnu/8/lto-wrapper
Target: aarch64-linux-gnu
Configured with: ../src/configure -v --with-pkgversion='Debian 8.3.0-6' --with-bugurl=file:///usr/share/doc/gcc-8/README.Bugs --enable-languages=c,ada,c++,go,d,fortran,objc,obj-c++ --prefix=/usr --with-gcc-major-version-only --program-suffix=-8 --program-prefix=aarch64-linux-gnu- --enable-shared --enable-linker-build-id --libexecdir=/usr/lib --without-included-gettext --enable-threads=posix --libdir=/usr/lib --enable-nls --enable-bootstrap --enable-clocale=gnu --enable-libstdcxx-debug --enable-libstdcxx-time=yes --with-default-libstdcxx-abi=new --enable-gnu-unique-object --disable-libquadmath --disable-libquadmath-support --enable-plugin --enable-default-pie --with-system-zlib --disable-libphobos --enable-multiarch --enable-fix-cortex-a53-843419 --disable-werror --enable-checking=release --build=aarch64-linux-gnu --host=aarch64-linux-gnu --target=aarch64-linux-gnu
Thread model: posix
gcc version 8.3.0 (Debian 8.3.0-6) 
COMPILER_PATH=/usr/lib/gcc/aarch64-linux-gnu/8/:/usr/lib/gcc/aarch64-linux-gnu/8/:/usr/lib/gcc/aarch64-linux-gnu/:/usr/lib/gcc/aarch64-linux-gnu/8/:/usr/lib/gcc/aarch64-linux-gnu/
LIBRARY_PATH=/usr/lib/gcc/aarch64-linux-gnu/8/:/usr/lib/gcc/aarch64-linux-gnu/8/../../../aarch64-linux-gnu/:/usr/lib/gcc/aarch64-linux-gnu/8/../../../../lib/:/lib/aarch64-linux-gnu/:/lib/../lib/:/usr/lib/aarch64-linux-gnu/:/usr/lib/../lib/:/usr/lib/gcc/aarch64-linux-gnu/8/../../../:/lib/:/usr/lib/
COLLECT_GCC_OPTIONS='-v' '-rdynamic' '-o' 'cmTC_72beb' '-mlittle-endian' '-mabi=lp64'
 /usr/lib/gcc/aarch64-linux-gnu/8/collect2 -plugin /usr/lib/gcc/aarch64-linux-gnu/8/liblto_plugin.so -plugin-opt=/usr/lib/gcc/aarch64-linux-gnu/8/lto-wrapper -plugin-opt=-fresolution=/tmp/ccR2qSo5.res -plugin-opt=-pass-through=-lgcc -plugin-opt=-pass-through=-lgcc_s -plugin-opt=-pass-through=-lc -plugin-opt=-pass-through=-lgcc -plugin-opt=-pass-through=-lgcc_s --build-id --eh-frame-hdr --hash-style=gnu -export-dynamic -dynamic-linker /lib/ld-linux-aarch64.so.1 -X -EL -maarch64linux --fix-cortex-a53-843419 -pie -o cmTC_72beb /usr/lib/gcc/aarch64-linux-gnu/8/../../../aarch64-linux-gnu/Scrt1.o /usr/lib/gcc/aarch64-linux-gnu/8/../../../aarch64-linux-gnu/crti.o /usr/lib/gcc/aarch64-linux-gnu/8/crtbeginS.o -L/usr/lib/gcc/aarch64-linux-gnu/8 -L/usr/lib/gcc/aarch64-linux-gnu/8/../../../aarch64-linux-gnu -L/usr/lib/gcc/aarch64-linux-gnu/8/../../../../lib -L/lib/aarch64-linux-gnu -L/lib/../lib -L/usr/lib/aarch64-linux-gnu -L/usr/lib/../lib -L/usr/lib/gcc/aarch64-linux-gnu/8/../../.. CMakeFiles/cmTC_72beb.dir/CMakeCCompilerABI.c.o -lgcc --push-state --as-needed -lgcc_s --pop-state -lc -lgcc --push-state --as-needed -lgcc_s --pop-state /usr/lib/gcc/aarch64-linux-gnu/8/crtendS.o /usr/lib/gcc/aarch64-linux-gnu/8/../../../aarch64-linux-gnu/crtn.o
COLLECT_GCC_OPTIONS='-v' '-rdynamic' '-o' 'cmTC_72beb' '-mlittle-endian' '-mabi=lp64'
make[4]: Leaving directory '/home/pi/iota.c/build/cjson/src/ext_cjson/CMakeFiles/CMakeTmp'
make[3]: Leaving directory '/home/pi/iota.c/build/cjson/src/ext_cjson/CMakeFiles/CMakeTmp'



Parsed C implicit include dir info from above output: rv=done
  found start of include info
  found start of implicit include info
    add: [/usr/lib/gcc/aarch64-linux-gnu/8/include]
    add: [/usr/local/include]
    add: [/usr/lib/gcc/aarch64-linux-gnu/8/include-fixed]
    add: [/usr/include/aarch64-linux-gnu]
    add: [/usr/include]
  end of search list found
  collapse include dir [/usr/lib/gcc/aarch64-linux-gnu/8/include] ==> [/usr/lib/gcc/aarch64-linux-gnu/8/include]
  collapse include dir [/usr/local/include] ==> [/usr/local/include]
  collapse include dir [/usr/lib/gcc/aarch64-linux-gnu/8/include-fixed] ==> [/usr/lib/gcc/aarch64-linux-gnu/8/include-fixed]
  collapse include dir [/usr/include/aarch64-linux-gnu] ==> [/usr/include/aarch64-linux-gnu]
  collapse include dir [/usr/include] ==> [/usr/include]
  implicit include dirs: [/usr/lib/gcc/aarch64-linux-gnu/8/include;/usr/local/include;/usr/lib/gcc/aarch64-linux-gnu/8/include-fixed;/usr/include/aarch64-linux-gnu;/usr/include]


Parsed C implicit link information from above output:
  link line regex: [^( *|.*[/\])(ld|CMAKE_LINK_STARTFILE-NOTFOUND|([^/\]+-)?ld|collect2)[^/\]*( |$)]
  ignore line: [Change Dir: /home/pi/iota.c/build/cjson/src/ext_cjson/CMakeFiles/CMakeTmp]
  ignore line: []
  ignore line: [Run Build Command(s):/usr/bin/make cmTC_72beb/fast && make[3]: Entering directory '/home/pi/iota.c/build/cjson/src/ext_cjson/CMakeFiles/CMakeTmp']
  ignore line: [/usr/bin/make -f CMakeFiles/cmTC_72beb.dir/build.make CMakeFiles/cmTC_72beb.dir/build]
  ignore line: [make[4]: Entering directory '/home/pi/iota.c/build/cjson/src/ext_cjson/CMakeFiles/CMakeTmp']
  ignore line: [Building C object CMakeFiles/cmTC_72beb.dir/CMakeCCompilerABI.c.o]
  ignore line: [/usr/bin/gcc   -v -o CMakeFiles/cmTC_72beb.dir/CMakeCCompilerABI.c.o   -c /usr/share/cmake-3.16/Modules/CMakeCCompilerABI.c]
  ignore line: [Using built-in specs.]
  ignore line: [COLLECT_GCC=/usr/bin/gcc]
  ignore line: [Target: aarch64-linux-gnu]
  ignore line: [Configured with: ../src/configure -v --with-pkgversion='Debian 8.3.0-6' --with-bugurl=file:///usr/share/doc/gcc-8/README.Bugs --enable-languages=c ada c++ go d fortran objc obj-c++ --prefix=/usr --with-gcc-major-version-only --program-suffix=-8 --program-prefix=aarch64-linux-gnu- --enable-shared --enable-linker-build-id --libexecdir=/usr/lib --without-included-gettext --enable-threads=posix --libdir=/usr/lib --enable-nls --enable-bootstrap --enable-clocale=gnu --enable-libstdcxx-debug --enable-libstdcxx-time=yes --with-default-libstdcxx-abi=new --enable-gnu-unique-object --disable-libquadmath --disable-libquadmath-support --enable-plugin --enable-default-pie --with-system-zlib --disable-libphobos --enable-multiarch --enable-fix-cortex-a53-843419 --disable-werror --enable-checking=release --build=aarch64-linux-gnu --host=aarch64-linux-gnu --target=aarch64-linux-gnu]
  ignore line: [Thread model: posix]
  ignore line: [gcc version 8.3.0 (Debian 8.3.0-6) ]
  ignore line: [COLLECT_GCC_OPTIONS='-v' '-o' 'CMakeFiles/cmTC_72beb.dir/CMakeCCompilerABI.c.o' '-c' '-mlittle-endian' '-mabi=lp64']
  ignore line: [ /usr/lib/gcc/aarch64-linux-gnu/8/cc1 -quiet -v -imultiarch aarch64-linux-gnu /usr/share/cmake-3.16/Modules/CMakeCCompilerABI.c -quiet -dumpbase CMakeCCompilerABI.c -mlittle-endian -mabi=lp64 -auxbase-strip CMakeFiles/cmTC_72beb.dir/CMakeCCompilerABI.c.o -version -o /tmp/ccJtm8VN.s]
  ignore line: [GNU C17 (Debian 8.3.0-6) version 8.3.0 (aarch64-linux-gnu)]
  ignore line: [	compiled by GNU C version 8.3.0  GMP version 6.1.2  MPFR version 4.0.2  MPC version 1.1.0  isl version isl-0.20-GMP]
  ignore line: []
  ignore line: [GGC heuristics: --param ggc-min-expand=92 --param ggc-min-heapsize=116508]
  ignore line: [ignoring nonexistent directory "/usr/local/include/aarch64-linux-gnu"]
  ignore line: [ignoring nonexistent directory "/usr/lib/gcc/aarch64-linux-gnu/8/../../../../aarch64-linux-gnu/include"]
  ignore line: [#include "..." search starts here:]
  ignore line: [#include <...> search starts here:]
  ignore line: [ /usr/lib/gcc/aarch64-linux-gnu/8/include]
  ignore line: [ /usr/local/include]
  ignore line: [ /usr/lib/gcc/aarch64-linux-gnu/8/include-fixed]
  ignore line: [ /usr/include/aarch64-linux-gnu]
  ignore line: [ /usr/include]
  ignore line: [End of search list.]
  ignore line: [GNU C17 (Debian 8.3.0-6) version 8.3.0 (aarch64-linux-gnu)]
  ignore line: [	compiled by GNU C version 8.3.0  GMP version 6.1.2  MPFR version 4.0.2  MPC version 1.1.0  isl version isl-0.20-GMP]
  ignore line: []
  ignore line: [GGC heuristics: --param ggc-min-expand=92 --param ggc-min-heapsize=116508]
  ignore line: [Compiler executable checksum: b68f6f266e9be479e3064a3b1dd2dd2d]
  ignore line: [COLLECT_GCC_OPTIONS='-v' '-o' 'CMakeFiles/cmTC_72beb.dir/CMakeCCompilerABI.c.o' '-c' '-mlittle-endian' '-mabi=lp64']
  ignore line: [ as -v -EL -mabi=lp64 -o CMakeFiles/cmTC_72beb.dir/CMakeCCompilerABI.c.o /tmp/ccJtm8VN.s]
  ignore line: [GNU assembler version 2.31.1 (aarch64-linux-gnu) using BFD version (GNU Binutils for Debian) 2.31.1]
  ignore line: [COMPILER_PATH=/usr/lib/gcc/aarch64-linux-gnu/8/:/usr/lib/gcc/aarch64-linux-gnu/8/:/usr/lib/gcc/aarch64-linux-gnu/:/usr/lib/gcc/aarch64-linux-gnu/8/:/usr/lib/gcc/aarch64-linux-gnu/]
  ignore line: [LIBRARY_PATH=/usr/lib/gcc/aarch64-linux-gnu/8/:/usr/lib/gcc/aarch64-linux-gnu/8/../../../aarch64-linux-gnu/:/usr/lib/gcc/aarch64-linux-gnu/8/../../../../lib/:/lib/aarch64-linux-gnu/:/lib/../lib/:/usr/lib/aarch64-linux-gnu/:/usr/lib/../lib/:/usr/lib/gcc/aarch64-linux-gnu/8/../../../:/lib/:/usr/lib/]
  ignore line: [COLLECT_GCC_OPTIONS='-v' '-o' 'CMakeFiles/cmTC_72beb.dir/CMakeCCompilerABI.c.o' '-c' '-mlittle-endian' '-mabi=lp64']
  ignore line: [Linking C executable cmTC_72beb]
  ignore line: [/usr/bin/cmake -E cmake_link_script CMakeFiles/cmTC_72beb.dir/link.txt --verbose=1]
  ignore line: [/usr/bin/gcc     -v -rdynamic CMakeFiles/cmTC_72beb.dir/CMakeCCompilerABI.c.o  -o cmTC_72beb ]
  ignore line: [Using built-in specs.]
  ignore line: [COLLECT_GCC=/usr/bin/gcc]
  ignore line: [COLLECT_LTO_WRAPPER=/usr/lib/gcc/aarch64-linux-gnu/8/lto-wrapper]
  ignore line: [Target: aarch64-linux-gnu]
  ignore line: [Configured with: ../src/configure -v --with-pkgversion='Debian 8.3.0-6' --with-bugurl=file:///usr/share/doc/gcc-8/README.Bugs --enable-languages=c ada c++ go d fortran objc obj-c++ --prefix=/usr --with-gcc-major-version-only --program-suffix=-8 --program-prefix=aarch64-linux-gnu- --enable-shared --enable-linker-build-id --libexecdir=/usr/lib --without-included-gettext --enable-threads=posix --libdir=/usr/lib --enable-nls --enable-bootstrap --enable-clocale=gnu --enable-libstdcxx-debug --enable-libstdcxx-time=yes --with-default-libstdcxx-abi=new --enable-gnu-unique-object --disable-libquadmath --disable-libquadmath-support --enable-plugin --enable-default-pie --with-system-zlib --disable-libphobos --enable-multiarch --enable-fix-cortex-a53-843419 --disable-werror --enable-checking=release --build=aarch64-linux-gnu --host=aarch64-linux-gnu --target=aarch64-linux-gnu]
  ignore line: [Thread model: posix]
  ignore line: [gcc version 8.3.0 (Debian 8.3.0-6) ]
  ignore line: [COMPILER_PATH=/usr/lib/gcc/aarch64-linux-gnu/8/:/usr/lib/gcc/aarch64-linux-gnu/8/:/usr/lib/gcc/aarch64-linux-gnu/:/usr/lib/gcc/aarch64-linux-gnu/8/:/usr/lib/gcc/aarch64-linux-gnu/]
  ignore line: [LIBRARY_PATH=/usr/lib/gcc/aarch64-linux-gnu/8/:/usr/lib/gcc/aarch64-linux-gnu/8/../../../aarch64-linux-gnu/:/usr/lib/gcc/aarch64-linux-gnu/8/../../../../lib/:/lib/aarch64-linux-gnu/:/lib/../lib/:/usr/lib/aarch64-linux-gnu/:/usr/lib/../lib/:/usr/lib/gcc/aarch64-linux-gnu/8/../../../:/lib/:/usr/lib/]
  ignore line: [COLLECT_GCC_OPTIONS='-v' '-rdynamic' '-o' 'cmTC_72beb' '-mlittle-endian' '-mabi=lp64']
  link line: [ /usr/lib/gcc/aarch64-linux-gnu/8/collect2 -plugin /usr/lib/gcc/aarch64-linux-gnu/8/liblto_plugin.so -plugin-opt=/usr/lib/gcc/aarch64-linux-gnu/8/lto-wrapper -plugin-opt=-fresolution=/tmp/ccR2qSo5.res -plugin-opt=-pass-through=-lgcc -plugin-opt=-pass-through=-lgcc_s -plugin-opt=-pass-through=-lc -plugin-opt=-pass-through=-lgcc -plugin-opt=-pass-through=-lgcc_s --build-id --eh-frame-hdr --hash-style=gnu -export-dynamic -dynamic-linker /lib/ld-linux-aarch64.so.1 -X -EL -maarch64linux --fix-cortex-a53-843419 -pie -o cmTC_72beb /usr/lib/gcc/aarch64-linux-gnu/8/../../../aarch64-linux-gnu/Scrt1.o /usr/lib/gcc/aarch64-linux-gnu/8/../../../aarch64-linux-gnu/crti.o /usr/lib/gcc/aarch64-linux-gnu/8/crtbeginS.o -L/usr/lib/gcc/aarch64-linux-gnu/8 -L/usr/lib/gcc/aarch64-linux-gnu/8/../../../aarch64-linux-gnu -L/usr/lib/gcc/aarch64-linux-gnu/8/../../../../lib -L/lib/aarch64-linux-gnu -L/lib/../lib -L/usr/lib/aarch64-linux-gnu -L/usr/lib/../lib -L/usr/lib/gcc/aarch64-linux-gnu/8/../../.. CMakeFiles/cmTC_72beb.dir/CMakeCCompilerABI.c.o -lgcc --push-state --as-needed -lgcc_s --pop-state -lc -lgcc --push-state --as-needed -lgcc_s --pop-state /usr/lib/gcc/aarch64-linux-gnu/8/crtendS.o /usr/lib/gcc/aarch64-linux-gnu/8/../../../aarch64-linux-gnu/crtn.o]
    arg [/usr/lib/gcc/aarch64-linux-gnu/8/collect2] ==> ignore
    arg [-plugin] ==> ignore
    arg [/usr/lib/gcc/aarch64-linux-gnu/8/liblto_plugin.so] ==> ignore
    arg [-plugin-opt=/usr/lib/gcc/aarch64-linux-gnu/8/lto-wrapper] ==> ignore
    arg [-plugin-opt=-fresolution=/tmp/ccR2qSo5.res] ==> ignore
    arg [-plugin-opt=-pass-through=-lgcc] ==> ignore
    arg [-plugin-opt=-pass-through=-lgcc_s] ==> ignore
    arg [-plugin-opt=-pass-through=-lc] ==> ignore
    arg [-plugin-opt=-pass-through=-lgcc] ==> ignore
    arg [-plugin-opt=-pass-through=-lgcc_s] ==> ignore
    arg [--build-id] ==> ignore
    arg [--eh-frame-hdr] ==> ignore
    arg [--hash-style=gnu] ==> ignore
    arg [-export-dynamic] ==> ignore
    arg [-dynamic-linker] ==> ignore
    arg [/lib/ld-linux-aarch64.so.1] ==> ignore
    arg [-X] ==> ignore
    arg [-EL] ==> ignore
    arg [-maarch64linux] ==> ignore
    arg [--fix-cortex-a53-843419] ==> ignore
    arg [-pie] ==> ignore
    arg [-o] ==> ignore
    arg [cmTC_72beb] ==> ignore
    arg [/usr/lib/gcc/aarch64-linux-gnu/8/../../../aarch64-linux-gnu/Scrt1.o] ==> ignore
    arg [/usr/lib/gcc/aarch64-linux-gnu/8/../../../aarch64-linux-gnu/crti.o] ==> ignore
    arg [/usr/lib/gcc/aarch64-linux-gnu/8/crtbeginS.o] ==> ignore
    arg [-L/usr/lib/gcc/aarch64-linux-gnu/8] ==> dir [/usr/lib/gcc/aarch64-linux-gnu/8]
    arg [-L/usr/lib/gcc/aarch64-linux-gnu/8/../../../aarch64-linux-gnu] ==> dir [/usr/lib/gcc/aarch64-linux-gnu/8/../../../aarch64-linux-gnu]
    arg [-L/usr/lib/gcc/aarch64-linux-gnu/8/../../../../lib] ==> dir [/usr/lib/gcc/aarch64-linux-gnu/8/../../../../lib]
    arg [-L/lib/aarch64-linux-gnu] ==> dir [/lib/aarch64-linux-gnu]
    arg [-L/lib/../lib] ==> dir [/lib/../lib]
    arg [-L/usr/lib/aarch64-linux-gnu] ==> dir [/usr/lib/aarch64-linux-gnu]
    arg [-L/usr/lib/../lib] ==> dir [/usr/lib/../lib]
    arg [-L/usr/lib/gcc/aarch64-linux-gnu/8/../../..] ==> dir [/usr/lib/gcc/aarch64-linux-gnu/8/../../..]
    arg [CMakeFiles/cmTC_72beb.dir/CMakeCCompilerABI.c.o] ==> ignore
    arg [-lgcc] ==> lib [gcc]
    arg [--push-state] ==> ignore
    arg [--as-needed] ==> ignore
    arg [-lgcc_s] ==> lib [gcc_s]
    arg [--pop-state] ==> ignore
    arg [-lc] ==> lib [c]
    arg [-lgcc] ==> lib [gcc]
    arg [--push-state] ==> ignore
    arg [--as-needed] ==> ignore
    arg [-lgcc_s] ==> lib [gcc_s]
    arg [--pop-state] ==> ignore
    arg [/usr/lib/gcc/aarch64-linux-gnu/8/crtendS.o] ==> ignore
    arg [/usr/lib/gcc/aarch64-linux-gnu/8/../../../aarch64-linux-gnu/crtn.o] ==> ignore
  collapse library dir [/usr/lib/gcc/aarch64-linux-gnu/8] ==> [/usr/lib/gcc/aarch64-linux-gnu/8]
  collapse library dir [/usr/lib/gcc/aarch64-linux-gnu/8/../../../aarch64-linux-gnu] ==> [/usr/lib/aarch64-linux-gnu]
  collapse library dir [/usr/lib/gcc/aarch64-linux-gnu/8/../../../../lib] ==> [/usr/lib]
  collapse library dir [/lib/aarch64-linux-gnu] ==> [/lib/aarch64-linux-gnu]
  collapse library dir [/lib/../lib] ==> [/lib]
  collapse library dir [/usr/lib/aarch64-linux-gnu] ==> [/usr/lib/aarch64-linux-gnu]
  collapse library dir [/usr/lib/../lib] ==> [/usr/lib]
  collapse library dir [/usr/lib/gcc/aarch64-linux-gnu/8/../../..] ==> [/usr/lib]
  implicit libs: [gcc;gcc_s;c;gcc;gcc_s]
  implicit dirs: [/usr/lib/gcc/aarch64-linux-gnu/8;/usr/lib/aarch64-linux-gnu;/usr/lib;/lib/aarch64-linux-gnu;/lib]
  implicit fwks: []


Performing C SOURCE FILE Test FLAG_SUPPORTED_stdc89 succeeded with the following output:
Change Dir: /home/pi/iota.c/build/cjson/src/ext_cjson/CMakeFiles/CMakeTmp

Run Build Command(s):/usr/bin/make cmTC_98b79/fast && make[3]: Entering directory '/home/pi/iota.c/build/cjson/src/ext_cjson/CMakeFiles/CMakeTmp'
/usr/bin/make -f CMakeFiles/cmTC_98b79.dir/build.make CMakeFiles/cmTC_98b79.dir/build
make[4]: Entering directory '/home/pi/iota.c/build/cjson/src/ext_cjson/CMakeFiles/CMakeTmp'
Building C object CMakeFiles/cmTC_98b79.dir/src.c.o
/usr/bin/gcc   -DFLAG_SUPPORTED_stdc89   -std=c89 -o CMakeFiles/cmTC_98b79.dir/src.c.o   -c /home/pi/iota.c/build/cjson/src/ext_cjson/CMakeFiles/CMakeTmp/src.c
Linking C executable cmTC_98b79
/usr/bin/cmake -E cmake_link_script CMakeFiles/cmTC_98b79.dir/link.txt --verbose=1
/usr/bin/gcc  -DFLAG_SUPPORTED_stdc89    -rdynamic CMakeFiles/cmTC_98b79.dir/src.c.o  -o cmTC_98b79 
make[4]: Leaving directory '/home/pi/iota.c/build/cjson/src/ext_cjson/CMakeFiles/CMakeTmp'
make[3]: Leaving directory '/home/pi/iota.c/build/cjson/src/ext_cjson/CMakeFiles/CMakeTmp'


Source file was:
int main(void) { return 0; }
Performing C SOURCE FILE Test FLAG_SUPPORTED_pedantic succeeded with the following output:
Change Dir: /home/pi/iota.c/build/cjson/src/ext_cjson/CMakeFiles/CMakeTmp

Run Build Command(s):/usr/bin/make cmTC_1f08a/fast && make[3]: Entering directory '/home/pi/iota.c/build/cjson/src/ext_cjson/CMakeFiles/CMakeTmp'
/usr/bin/make -f CMakeFiles/cmTC_1f08a.dir/build.make CMakeFiles/cmTC_1f08a.dir/build
make[4]: Entering directory '/home/pi/iota.c/build/cjson/src/ext_cjson/CMakeFiles/CMakeTmp'
Building C object CMakeFiles/cmTC_1f08a.dir/src.c.o
/usr/bin/gcc   -std=c89 -DFLAG_SUPPORTED_pedantic   -pedantic -o CMakeFiles/cmTC_1f08a.dir/src.c.o   -c /home/pi/iota.c/build/cjson/src/ext_cjson/CMakeFiles/CMakeTmp/src.c
Linking C executable cmTC_1f08a
/usr/bin/cmake -E cmake_link_script CMakeFiles/cmTC_1f08a.dir/link.txt --verbose=1
/usr/bin/gcc  -std=c89 -DFLAG_SUPPORTED_pedantic    -rdynamic CMakeFiles/cmTC_1f08a.dir/src.c.o  -o cmTC_1f08a 
make[4]: Leaving directory '/home/pi/iota.c/build/cjson/src/ext_cjson/CMakeFiles/CMakeTmp'
make[3]: Leaving directory '/home/pi/iota.c/build/cjson/src/ext_cjson/CMakeFiles/CMakeTmp'


Source file was:
int main(void) { return 0; }
Performing C SOURCE FILE Test FLAG_SUPPORTED_Wall succeeded with the following output:
Change Dir: /home/pi/iota.c/build/cjson/src/ext_cjson/CMakeFiles/CMakeTmp

Run Build Command(s):/usr/bin/make cmTC_ac24c/fast && make[3]: Entering directory '/home/pi/iota.c/build/cjson/src/ext_cjson/CMakeFiles/CMakeTmp'
/usr/bin/make -f CMakeFiles/cmTC_ac24c.dir/build.make CMakeFiles/cmTC_ac24c.dir/build
make[4]: Entering directory '/home/pi/iota.c/build/cjson/src/ext_cjson/CMakeFiles/CMakeTmp'
Building C object CMakeFiles/cmTC_ac24c.dir/src.c.o
/usr/bin/gcc   -std=c89 -pedantic -DFLAG_SUPPORTED_Wall   -Wall -o CMakeFiles/cmTC_ac24c.dir/src.c.o   -c /home/pi/iota.c/build/cjson/src/ext_cjson/CMakeFiles/CMakeTmp/src.c
Linking C executable cmTC_ac24c
/usr/bin/cmake -E cmake_link_script CMakeFiles/cmTC_ac24c.dir/link.txt --verbose=1
/usr/bin/gcc  -std=c89 -pedantic -DFLAG_SUPPORTED_Wall    -rdynamic CMakeFiles/cmTC_ac24c.dir/src.c.o  -o cmTC_ac24c 
make[4]: Leaving directory '/home/pi/iota.c/build/cjson/src/ext_cjson/CMakeFiles/CMakeTmp'
make[3]: Leaving directory '/home/pi/iota.c/build/cjson/src/ext_cjson/CMakeFiles/CMakeTmp'


Source file was:
int main(void) { return 0; }
Performing C SOURCE FILE Test FLAG_SUPPORTED_Wextra succeeded with the following output:
Change Dir: /home/pi/iota.c/build/cjson/src/ext_cjson/CMakeFiles/CMakeTmp

Run Build Command(s):/usr/bin/make cmTC_9b25a/fast && make[3]: Entering directory '/home/pi/iota.c/build/cjson/src/ext_cjson/CMakeFiles/CMakeTmp'
/usr/bin/make -f CMakeFiles/cmTC_9b25a.dir/build.make CMakeFiles/cmTC_9b25a.dir/build
make[4]: Entering directory '/home/pi/iota.c/build/cjson/src/ext_cjson/CMakeFiles/CMakeTmp'
Building C object CMakeFiles/cmTC_9b25a.dir/src.c.o
/usr/bin/gcc   -std=c89 -pedantic -Wall -DFLAG_SUPPORTED_Wextra   -Wextra -o CMakeFiles/cmTC_9b25a.dir/src.c.o   -c /home/pi/iota.c/build/cjson/src/ext_cjson/CMakeFiles/CMakeTmp/src.c
Linking C executable cmTC_9b25a
/usr/bin/cmake -E cmake_link_script CMakeFiles/cmTC_9b25a.dir/link.txt --verbose=1
/usr/bin/gcc  -std=c89 -pedantic -Wall -DFLAG_SUPPORTED_Wextra    -rdynamic CMakeFiles/cmTC_9b25a.dir/src.c.o  -o cmTC_9b25a 
make[4]: Leaving directory '/home/pi/iota.c/build/cjson/src/ext_cjson/CMakeFiles/CMakeTmp'
make[3]: Leaving directory '/home/pi/iota.c/build/cjson/src/ext_cjson/CMakeFiles/CMakeTmp'


Source file was:
int main(void) { return 0; }
Performing C SOURCE FILE Test FLAG_SUPPORTED_Werror succeeded with the following output:
Change Dir: /home/pi/iota.c/build/cjson/src/ext_cjson/CMakeFiles/CMakeTmp

Run Build Command(s):/usr/bin/make cmTC_63234/fast && make[3]: Entering directory '/home/pi/iota.c/build/cjson/src/ext_cjson/CMakeFiles/CMakeTmp'
/usr/bin/make -f CMakeFiles/cmTC_63234.dir/build.make CMakeFiles/cmTC_63234.dir/build
make[4]: Entering directory '/home/pi/iota.c/build/cjson/src/ext_cjson/CMakeFiles/CMakeTmp'
Building C object CMakeFiles/cmTC_63234.dir/src.c.o
/usr/bin/gcc   -std=c89 -pedantic -Wall -Wextra -DFLAG_SUPPORTED_Werror   -Werror -o CMakeFiles/cmTC_63234.dir/src.c.o   -c /home/pi/iota.c/build/cjson/src/ext_cjson/CMakeFiles/CMakeTmp/src.c
Linking C executable cmTC_63234
/usr/bin/cmake -E cmake_link_script CMakeFiles/cmTC_63234.dir/link.txt --verbose=1
/usr/bin/gcc  -std=c89 -pedantic -Wall -Wextra -DFLAG_SUPPORTED_Werror    -rdynamic CMakeFiles/cmTC_63234.dir/src.c.o  -o cmTC_63234 
make[4]: Leaving directory '/home/pi/iota.c/build/cjson/src/ext_cjson/CMakeFiles/CMakeTmp'
make[3]: Leaving directory '/home/pi/iota.c/build/cjson/src/ext_cjson/CMakeFiles/CMakeTmp'


Source file was:
int main(void) { return 0; }
Performing C SOURCE FILE Test FLAG_SUPPORTED_Wstrictprototypes succeeded with the following output:
Change Dir: /home/pi/iota.c/build/cjson/src/ext_cjson/CMakeFiles/CMakeTmp

Run Build Command(s):/usr/bin/make cmTC_b559b/fast && make[3]: Entering directory '/home/pi/iota.c/build/cjson/src/ext_cjson/CMakeFiles/CMakeTmp'
/usr/bin/make -f CMakeFiles/cmTC_b559b.dir/build.make CMakeFiles/cmTC_b559b.dir/build
make[4]: Entering directory '/home/pi/iota.c/build/cjson/src/ext_cjson/CMakeFiles/CMakeTmp'
Building C object CMakeFiles/cmTC_b559b.dir/src.c.o
/usr/bin/gcc   -std=c89 -pedantic -Wall -Wextra -Werror -DFLAG_SUPPORTED_Wstrictprototypes   -Wstrict-prototypes -o CMakeFiles/cmTC_b559b.dir/src.c.o   -c /home/pi/iota.c/build/cjson/src/ext_cjson/CMakeFiles/CMakeTmp/src.c
Linking C executable cmTC_b559b
/usr/bin/cmake -E cmake_link_script CMakeFiles/cmTC_b559b.dir/link.txt --verbose=1
/usr/bin/gcc  -std=c89 -pedantic -Wall -Wextra -Werror -DFLAG_SUPPORTED_Wstrictprototypes    -rdynamic CMakeFiles/cmTC_b559b.dir/src.c.o  -o cmTC_b559b 
make[4]: Leaving directory '/home/pi/iota.c/build/cjson/src/ext_cjson/CMakeFiles/CMakeTmp'
make[3]: Leaving directory '/home/pi/iota.c/build/cjson/src/ext_cjson/CMakeFiles/CMakeTmp'


Source file was:
int main(void) { return 0; }
Performing C SOURCE FILE Test FLAG_SUPPORTED_Wwritestrings succeeded with the following output:
Change Dir: /home/pi/iota.c/build/cjson/src/ext_cjson/CMakeFiles/CMakeTmp

Run Build Command(s):/usr/bin/make cmTC_f2144/fast && make[3]: Entering directory '/home/pi/iota.c/build/cjson/src/ext_cjson/CMakeFiles/CMakeTmp'
/usr/bin/make -f CMakeFiles/cmTC_f2144.dir/build.make CMakeFiles/cmTC_f2144.dir/build
make[4]: Entering directory '/home/pi/iota.c/build/cjson/src/ext_cjson/CMakeFiles/CMakeTmp'
Building C object CMakeFiles/cmTC_f2144.dir/src.c.o
/usr/bin/gcc   -std=c89 -pedantic -Wall -Wextra -Werror -Wstrict-prototypes -DFLAG_SUPPORTED_Wwritestrings   -Wwrite-strings -o CMakeFiles/cmTC_f2144.dir/src.c.o   -c /home/pi/iota.c/build/cjson/src/ext_cjson/CMakeFiles/CMakeTmp/src.c
Linking C executable cmTC_f2144
/usr/bin/cmake -E cmake_link_script CMakeFiles/cmTC_f2144.dir/link.txt --verbose=1
/usr/bin/gcc  -std=c89 -pedantic -Wall -Wextra -Werror -Wstrict-prototypes -DFLAG_SUPPORTED_Wwritestrings    -rdynamic CMakeFiles/cmTC_f2144.dir/src.c.o  -o cmTC_f2144 
make[4]: Leaving directory '/home/pi/iota.c/build/cjson/src/ext_cjson/CMakeFiles/CMakeTmp'
make[3]: Leaving directory '/home/pi/iota.c/build/cjson/src/ext_cjson/CMakeFiles/CMakeTmp'


Source file was:
int main(void) { return 0; }
Performing C SOURCE FILE Test FLAG_SUPPORTED_Wshadow succeeded with the following output:
Change Dir: /home/pi/iota.c/build/cjson/src/ext_cjson/CMakeFiles/CMakeTmp

Run Build Command(s):/usr/bin/make cmTC_d57ea/fast && make[3]: Entering directory '/home/pi/iota.c/build/cjson/src/ext_cjson/CMakeFiles/CMakeTmp'
/usr/bin/make -f CMakeFiles/cmTC_d57ea.dir/build.make CMakeFiles/cmTC_d57ea.dir/build
make[4]: Entering directory '/home/pi/iota.c/build/cjson/src/ext_cjson/CMakeFiles/CMakeTmp'
Building C object CMakeFiles/cmTC_d57ea.dir/src.c.o
/usr/bin/gcc   -std=c89 -pedantic -Wall -Wextra -Werror -Wstrict-prototypes -Wwrite-strings -DFLAG_SUPPORTED_Wshadow   -Wshadow -o CMakeFiles/cmTC_d57ea.dir/src.c.o   -c /home/pi/iota.c/build/cjson/src/ext_cjson/CMakeFiles/CMakeTmp/src.c
Linking C executable cmTC_d57ea
/usr/bin/cmake -E cmake_link_script CMakeFiles/cmTC_d57ea.dir/link.txt --verbose=1
/usr/bin/gcc  -std=c89 -pedantic -Wall -Wextra -Werror -Wstrict-prototypes -Wwrite-strings -DFLAG_SUPPORTED_Wshadow    -rdynamic CMakeFiles/cmTC_d57ea.dir/src.c.o  -o cmTC_d57ea 
make[4]: Leaving directory '/home/pi/iota.c/build/cjson/src/ext_cjson/CMakeFiles/CMakeTmp'
make[3]: Leaving directory '/home/pi/iota.c/build/cjson/src/ext_cjson/CMakeFiles/CMakeTmp'


Source file was:
int main(void) { return 0; }
Performing C SOURCE FILE Test FLAG_SUPPORTED_Winitself succeeded with the following output:
Change Dir: /home/pi/iota.c/build/cjson/src/ext_cjson/CMakeFiles/CMakeTmp

Run Build Command(s):/usr/bin/make cmTC_ce4d3/fast && make[3]: Entering directory '/home/pi/iota.c/build/cjson/src/ext_cjson/CMakeFiles/CMakeTmp'
/usr/bin/make -f CMakeFiles/cmTC_ce4d3.dir/build.make CMakeFiles/cmTC_ce4d3.dir/build
make[4]: Entering directory '/home/pi/iota.c/build/cjson/src/ext_cjson/CMakeFiles/CMakeTmp'
Building C object CMakeFiles/cmTC_ce4d3.dir/src.c.o
/usr/bin/gcc   -std=c89 -pedantic -Wall -Wextra -Werror -Wstrict-prototypes -Wwrite-strings -Wshadow -DFLAG_SUPPORTED_Winitself   -Winit-self -o CMakeFiles/cmTC_ce4d3.dir/src.c.o   -c /home/pi/iota.c/build/cjson/src/ext_cjson/CMakeFiles/CMakeTmp/src.c
Linking C executable cmTC_ce4d3
/usr/bin/cmake -E cmake_link_script CMakeFiles/cmTC_ce4d3.dir/link.txt --verbose=1
/usr/bin/gcc  -std=c89 -pedantic -Wall -Wextra -Werror -Wstrict-prototypes -Wwrite-strings -Wshadow -DFLAG_SUPPORTED_Winitself    -rdynamic CMakeFiles/cmTC_ce4d3.dir/src.c.o  -o cmTC_ce4d3 
make[4]: Leaving directory '/home/pi/iota.c/build/cjson/src/ext_cjson/CMakeFiles/CMakeTmp'
make[3]: Leaving directory '/home/pi/iota.c/build/cjson/src/ext_cjson/CMakeFiles/CMakeTmp'


Source file was:
int main(void) { return 0; }
Performing C SOURCE FILE Test FLAG_SUPPORTED_Wcastalign succeeded with the following output:
Change Dir: /home/pi/iota.c/build/cjson/src/ext_cjson/CMakeFiles/CMakeTmp

Run Build Command(s):/usr/bin/make cmTC_0c535/fast && make[3]: Entering directory '/home/pi/iota.c/build/cjson/src/ext_cjson/CMakeFiles/CMakeTmp'
/usr/bin/make -f CMakeFiles/cmTC_0c535.dir/build.make CMakeFiles/cmTC_0c535.dir/build
make[4]: Entering directory '/home/pi/iota.c/build/cjson/src/ext_cjson/CMakeFiles/CMakeTmp'
Building C object CMakeFiles/cmTC_0c535.dir/src.c.o
/usr/bin/gcc   -std=c89 -pedantic -Wall -Wextra -Werror -Wstrict-prototypes -Wwrite-strings -Wshadow -Winit-self -DFLAG_SUPPORTED_Wcastalign   -Wcast-align -o CMakeFiles/cmTC_0c535.dir/src.c.o   -c /home/pi/iota.c/build/cjson/src/ext_cjson/CMakeFiles/CMakeTmp/src.c
Linking C executable cmTC_0c535
/usr/bin/cmake -E cmake_link_script CMakeFiles/cmTC_0c535.dir/link.txt --verbose=1
/usr/bin/gcc  -std=c89 -pedantic -Wall -Wextra -Werror -Wstrict-prototypes -Wwrite-strings -Wshadow -Winit-self -DFLAG_SUPPORTED_Wcastalign    -rdynamic CMakeFiles/cmTC_0c535.dir/src.c.o  -o cmTC_0c535 
make[4]: Leaving directory '/home/pi/iota.c/build/cjson/src/ext_cjson/CMakeFiles/CMakeTmp'
make[3]: Leaving directory '/home/pi/iota.c/build/cjson/src/ext_cjson/CMakeFiles/CMakeTmp'


Source file was:
int main(void) { return 0; }
Performing C SOURCE FILE Test FLAG_SUPPORTED_Wformat2 succeeded with the following output:
Change Dir: /home/pi/iota.c/build/cjson/src/ext_cjson/CMakeFiles/CMakeTmp

Run Build Command(s):/usr/bin/make cmTC_24503/fast && make[3]: Entering directory '/home/pi/iota.c/build/cjson/src/ext_cjson/CMakeFiles/CMakeTmp'
/usr/bin/make -f CMakeFiles/cmTC_24503.dir/build.make CMakeFiles/cmTC_24503.dir/build
make[4]: Entering directory '/home/pi/iota.c/build/cjson/src/ext_cjson/CMakeFiles/CMakeTmp'
Building C object CMakeFiles/cmTC_24503.dir/src.c.o
/usr/bin/gcc   -std=c89 -pedantic -Wall -Wextra -Werror -Wstrict-prototypes -Wwrite-strings -Wshadow -Winit-self -Wcast-align -DFLAG_SUPPORTED_Wformat2   -Wformat=2 -o CMakeFiles/cmTC_24503.dir/src.c.o   -c /home/pi/iota.c/build/cjson/src/ext_cjson/CMakeFiles/CMakeTmp/src.c
Linking C executable cmTC_24503
/usr/bin/cmake -E cmake_link_script CMakeFiles/cmTC_24503.dir/link.txt --verbose=1
/usr/bin/gcc  -std=c89 -pedantic -Wall -Wextra -Werror -Wstrict-prototypes -Wwrite-strings -Wshadow -Winit-self -Wcast-align -DFLAG_SUPPORTED_Wformat2    -rdynamic CMakeFiles/cmTC_24503.dir/src.c.o  -o cmTC_24503 
make[4]: Leaving directory '/home/pi/iota.c/build/cjson/src/ext_cjson/CMakeFiles/CMakeTmp'
make[3]: Leaving directory '/home/pi/iota.c/build/cjson/src/ext_cjson/CMakeFiles/CMakeTmp'


Source file was:
int main(void) { return 0; }
Performing C SOURCE FILE Test FLAG_SUPPORTED_Wmissingprototypes succeeded with the following output:
Change Dir: /home/pi/iota.c/build/cjson/src/ext_cjson/CMakeFiles/CMakeTmp

Run Build Command(s):/usr/bin/make cmTC_9018d/fast && make[3]: Entering directory '/home/pi/iota.c/build/cjson/src/ext_cjson/CMakeFiles/CMakeTmp'
/usr/bin/make -f CMakeFiles/cmTC_9018d.dir/build.make CMakeFiles/cmTC_9018d.dir/build
make[4]: Entering directory '/home/pi/iota.c/build/cjson/src/ext_cjson/CMakeFiles/CMakeTmp'
Building C object CMakeFiles/cmTC_9018d.dir/src.c.o
/usr/bin/gcc   -std=c89 -pedantic -Wall -Wextra -Werror -Wstrict-prototypes -Wwrite-strings -Wshadow -Winit-self -Wcast-align -Wformat=2 -DFLAG_SUPPORTED_Wmissingprototypes   -Wmissing-prototypes -o CMakeFiles/cmTC_9018d.dir/src.c.o   -c /home/pi/iota.c/build/cjson/src/ext_cjson/CMakeFiles/CMakeTmp/src.c
Linking C executable cmTC_9018d
/usr/bin/cmake -E cmake_link_script CMakeFiles/cmTC_9018d.dir/link.txt --verbose=1
/usr/bin/gcc  -std=c89 -pedantic -Wall -Wextra -Werror -Wstrict-prototypes -Wwrite-strings -Wshadow -Winit-self -Wcast-align -Wformat=2 -DFLAG_SUPPORTED_Wmissingprototypes    -rdynamic CMakeFiles/cmTC_9018d.dir/src.c.o  -o cmTC_9018d 
make[4]: Leaving directory '/home/pi/iota.c/build/cjson/src/ext_cjson/CMakeFiles/CMakeTmp'
make[3]: Leaving directory '/home/pi/iota.c/build/cjson/src/ext_cjson/CMakeFiles/CMakeTmp'


Source file was:
int main(void) { return 0; }
Performing C SOURCE FILE Test FLAG_SUPPORTED_Wstrictoverflow2 succeeded with the following output:
Change Dir: /home/pi/iota.c/build/cjson/src/ext_cjson/CMakeFiles/CMakeTmp

Run Build Command(s):/usr/bin/make cmTC_15cce/fast && make[3]: Entering directory '/home/pi/iota.c/build/cjson/src/ext_cjson/CMakeFiles/CMakeTmp'
/usr/bin/make -f CMakeFiles/cmTC_15cce.dir/build.make CMakeFiles/cmTC_15cce.dir/build
make[4]: Entering directory '/home/pi/iota.c/build/cjson/src/ext_cjson/CMakeFiles/CMakeTmp'
Building C object CMakeFiles/cmTC_15cce.dir/src.c.o
/usr/bin/gcc   -std=c89 -pedantic -Wall -Wextra -Werror -Wstrict-prototypes -Wwrite-strings -Wshadow -Winit-self -Wcast-align -Wformat=2 -Wmissing-prototypes -DFLAG_SUPPORTED_Wstrictoverflow2   -Wstrict-overflow=2 -o CMakeFiles/cmTC_15cce.dir/src.c.o   -c /home/pi/iota.c/build/cjson/src/ext_cjson/CMakeFiles/CMakeTmp/src.c
Linking C executable cmTC_15cce
/usr/bin/cmake -E cmake_link_script CMakeFiles/cmTC_15cce.dir/link.txt --verbose=1
/usr/bin/gcc  -std=c89 -pedantic -Wall -Wextra -Werror -Wstrict-prototypes -Wwrite-strings -Wshadow -Winit-self -Wcast-align -Wformat=2 -Wmissing-prototypes -DFLAG_SUPPORTED_Wstrictoverflow2    -rdynamic CMakeFiles/cmTC_15cce.dir/src.c.o  -o cmTC_15cce 
make[4]: Leaving directory '/home/pi/iota.c/build/cjson/src/ext_cjson/CMakeFiles/CMakeTmp'
make[3]: Leaving directory '/home/pi/iota.c/build/cjson/src/ext_cjson/CMakeFiles/CMakeTmp'


Source file was:
int main(void) { return 0; }
Performing C SOURCE FILE Test FLAG_SUPPORTED_Wcastqual succeeded with the following output:
Change Dir: /home/pi/iota.c/build/cjson/src/ext_cjson/CMakeFiles/CMakeTmp

Run Build Command(s):/usr/bin/make cmTC_62e38/fast && make[3]: Entering directory '/home/pi/iota.c/build/cjson/src/ext_cjson/CMakeFiles/CMakeTmp'
/usr/bin/make -f CMakeFiles/cmTC_62e38.dir/build.make CMakeFiles/cmTC_62e38.dir/build
make[4]: Entering directory '/home/pi/iota.c/build/cjson/src/ext_cjson/CMakeFiles/CMakeTmp'
Building C object CMakeFiles/cmTC_62e38.dir/src.c.o
/usr/bin/gcc   -std=c89 -pedantic -Wall -Wextra -Werror -Wstrict-prototypes -Wwrite-strings -Wshadow -Winit-self -Wcast-align -Wformat=2 -Wmissing-prototypes -Wstrict-overflow=2 -DFLAG_SUPPORTED_Wcastqual   -Wcast-qual -o CMakeFiles/cmTC_62e38.dir/src.c.o   -c /home/pi/iota.c/build/cjson/src/ext_cjson/CMakeFiles/CMakeTmp/src.c
Linking C executable cmTC_62e38
/usr/bin/cmake -E cmake_link_script CMakeFiles/cmTC_62e38.dir/link.txt --verbose=1
/usr/bin/gcc  -std=c89 -pedantic -Wall -Wextra -Werror -Wstrict-prototypes -Wwrite-strings -Wshadow -Winit-self -Wcast-align -Wformat=2 -Wmissing-prototypes -Wstrict-overflow=2 -DFLAG_SUPPORTED_Wcastqual    -rdynamic CMakeFiles/cmTC_62e38.dir/src.c.o  -o cmTC_62e38 
make[4]: Leaving directory '/home/pi/iota.c/build/cjson/src/ext_cjson/CMakeFiles/CMakeTmp'
make[3]: Leaving directory '/home/pi/iota.c/build/cjson/src/ext_cjson/CMakeFiles/CMakeTmp'


Source file was:
int main(void) { return 0; }
Performing C SOURCE FILE Test FLAG_SUPPORTED_Wundef succeeded with the following output:
Change Dir: /home/pi/iota.c/build/cjson/src/ext_cjson/CMakeFiles/CMakeTmp

Run Build Command(s):/usr/bin/make cmTC_0b900/fast && make[3]: Entering directory '/home/pi/iota.c/build/cjson/src/ext_cjson/CMakeFiles/CMakeTmp'
/usr/bin/make -f CMakeFiles/cmTC_0b900.dir/build.make CMakeFiles/cmTC_0b900.dir/build
make[4]: Entering directory '/home/pi/iota.c/build/cjson/src/ext_cjson/CMakeFiles/CMakeTmp'
Building C object CMakeFiles/cmTC_0b900.dir/src.c.o
/usr/bin/gcc   -std=c89 -pedantic -Wall -Wextra -Werror -Wstrict-prototypes -Wwrite-strings -Wshadow -Winit-self -Wcast-align -Wformat=2 -Wmissing-prototypes -Wstrict-overflow=2 -Wcast-qual -DFLAG_SUPPORTED_Wundef   -Wundef -o CMakeFiles/cmTC_0b900.dir/src.c.o   -c /home/pi/iota.c/build/cjson/src/ext_cjson/CMakeFiles/CMakeTmp/src.c
Linking C executable cmTC_0b900
/usr/bin/cmake -E cmake_link_script CMakeFiles/cmTC_0b900.dir/link.txt --verbose=1
/usr/bin/gcc  -std=c89 -pedantic -Wall -Wextra -Werror -Wstrict-prototypes -Wwrite-strings -Wshadow -Winit-self -Wcast-align -Wformat=2 -Wmissing-prototypes -Wstrict-overflow=2 -Wcast-qual -DFLAG_SUPPORTED_Wundef    -rdynamic CMakeFiles/cmTC_0b900.dir/src.c.o  -o cmTC_0b900 
make[4]: Leaving directory '/home/pi/iota.c/build/cjson/src/ext_cjson/CMakeFiles/CMakeTmp'
make[3]: Leaving directory '/home/pi/iota.c/build/cjson/src/ext_cjson/CMakeFiles/CMakeTmp'


Source file was:
int main(void) { return 0; }
Performing C SOURCE FILE Test FLAG_SUPPORTED_Wswitchdefault succeeded with the following output:
Change Dir: /home/pi/iota.c/build/cjson/src/ext_cjson/CMakeFiles/CMakeTmp

Run Build Command(s):/usr/bin/make cmTC_19622/fast && make[3]: Entering directory '/home/pi/iota.c/build/cjson/src/ext_cjson/CMakeFiles/CMakeTmp'
/usr/bin/make -f CMakeFiles/cmTC_19622.dir/build.make CMakeFiles/cmTC_19622.dir/build
make[4]: Entering directory '/home/pi/iota.c/build/cjson/src/ext_cjson/CMakeFiles/CMakeTmp'
Building C object CMakeFiles/cmTC_19622.dir/src.c.o
/usr/bin/gcc   -std=c89 -pedantic -Wall -Wextra -Werror -Wstrict-prototypes -Wwrite-strings -Wshadow -Winit-self -Wcast-align -Wformat=2 -Wmissing-prototypes -Wstrict-overflow=2 -Wcast-qual -Wundef -DFLAG_SUPPORTED_Wswitchdefault   -Wswitch-default -o CMakeFiles/cmTC_19622.dir/src.c.o   -c /home/pi/iota.c/build/cjson/src/ext_cjson/CMakeFiles/CMakeTmp/src.c
Linking C executable cmTC_19622
/usr/bin/cmake -E cmake_link_script CMakeFiles/cmTC_19622.dir/link.txt --verbose=1
/usr/bin/gcc  -std=c89 -pedantic -Wall -Wextra -Werror -Wstrict-prototypes -Wwrite-strings -Wshadow -Winit-self -Wcast-align -Wformat=2 -Wmissing-prototypes -Wstrict-overflow=2 -Wcast-qual -Wundef -DFLAG_SUPPORTED_Wswitchdefault    -rdynamic CMakeFiles/cmTC_19622.dir/src.c.o  -o cmTC_19622 
make[4]: Leaving directory '/home/pi/iota.c/build/cjson/src/ext_cjson/CMakeFiles/CMakeTmp'
make[3]: Leaving directory '/home/pi/iota.c/build/cjson/src/ext_cjson/CMakeFiles/CMakeTmp'


Source file was:
int main(void) { return 0; }
Performing C SOURCE FILE Test FLAG_SUPPORTED_Wconversion succeeded with the following output:
Change Dir: /home/pi/iota.c/build/cjson/src/ext_cjson/CMakeFiles/CMakeTmp

Run Build Command(s):/usr/bin/make cmTC_38e33/fast && make[3]: Entering directory '/home/pi/iota.c/build/cjson/src/ext_cjson/CMakeFiles/CMakeTmp'
/usr/bin/make -f CMakeFiles/cmTC_38e33.dir/build.make CMakeFiles/cmTC_38e33.dir/build
make[4]: Entering directory '/home/pi/iota.c/build/cjson/src/ext_cjson/CMakeFiles/CMakeTmp'
Building C object CMakeFiles/cmTC_38e33.dir/src.c.o
/usr/bin/gcc   -std=c89 -pedantic -Wall -Wextra -Werror -Wstrict-prototypes -Wwrite-strings -Wshadow -Winit-self -Wcast-align -Wformat=2 -Wmissing-prototypes -Wstrict-overflow=2 -Wcast-qual -Wundef -Wswitch-default -DFLAG_SUPPORTED_Wconversion   -Wconversion -o CMakeFiles/cmTC_38e33.dir/src.c.o   -c /home/pi/iota.c/build/cjson/src/ext_cjson/CMakeFiles/CMakeTmp/src.c
Linking C executable cmTC_38e33
/usr/bin/cmake -E cmake_link_script CMakeFiles/cmTC_38e33.dir/link.txt --verbose=1
/usr/bin/gcc  -std=c89 -pedantic -Wall -Wextra -Werror -Wstrict-prototypes -Wwrite-strings -Wshadow -Winit-self -Wcast-align -Wformat=2 -Wmissing-prototypes -Wstrict-overflow=2 -Wcast-qual -Wundef -Wswitch-default -DFLAG_SUPPORTED_Wconversion    -rdynamic CMakeFiles/cmTC_38e33.dir/src.c.o  -o cmTC_38e33 
make[4]: Leaving directory '/home/pi/iota.c/build/cjson/src/ext_cjson/CMakeFiles/CMakeTmp'
make[3]: Leaving directory '/home/pi/iota.c/build/cjson/src/ext_cjson/CMakeFiles/CMakeTmp'


Source file was:
int main(void) { return 0; }
Performing C SOURCE FILE Test FLAG_SUPPORTED_Wccompat succeeded with the following output:
Change Dir: /home/pi/iota.c/build/cjson/src/ext_cjson/CMakeFiles/CMakeTmp

Run Build Command(s):/usr/bin/make cmTC_a89e0/fast && make[3]: Entering directory '/home/pi/iota.c/build/cjson/src/ext_cjson/CMakeFiles/CMakeTmp'
/usr/bin/make -f CMakeFiles/cmTC_a89e0.dir/build.make CMakeFiles/cmTC_a89e0.dir/build
make[4]: Entering directory '/home/pi/iota.c/build/cjson/src/ext_cjson/CMakeFiles/CMakeTmp'
Building C object CMakeFiles/cmTC_a89e0.dir/src.c.o
/usr/bin/gcc   -std=c89 -pedantic -Wall -Wextra -Werror -Wstrict-prototypes -Wwrite-strings -Wshadow -Winit-self -Wcast-align -Wformat=2 -Wmissing-prototypes -Wstrict-overflow=2 -Wcast-qual -Wundef -Wswitch-default -Wconversion -DFLAG_SUPPORTED_Wccompat   -Wc++-compat -o CMakeFiles/cmTC_a89e0.dir/src.c.o   -c /home/pi/iota.c/build/cjson/src/ext_cjson/CMakeFiles/CMakeTmp/src.c
Linking C executable cmTC_a89e0
/usr/bin/cmake -E cmake_link_script CMakeFiles/cmTC_a89e0.dir/link.txt --verbose=1
/usr/bin/gcc  -std=c89 -pedantic -Wall -Wextra -Werror -Wstrict-prototypes -Wwrite-strings -Wshadow -Winit-self -Wcast-align -Wformat=2 -Wmissing-prototypes -Wstrict-overflow=2 -Wcast-qual -Wundef -Wswitch-default -Wconversion -DFLAG_SUPPORTED_Wccompat    -rdynamic CMakeFiles/cmTC_a89e0.dir/src.c.o  -o cmTC_a89e0 
make[4]: Leaving directory '/home/pi/iota.c/build/cjson/src/ext_cjson/CMakeFiles/CMakeTmp'
make[3]: Leaving directory '/home/pi/iota.c/build/cjson/src/ext_cjson/CMakeFiles/CMakeTmp'


Source file was:
int main(void) { return 0; }
Performing C SOURCE FILE Test FLAG_SUPPORTED_fstackprotectorstrong succeeded with the following output:
Change Dir: /home/pi/iota.c/build/cjson/src/ext_cjson/CMakeFiles/CMakeTmp

Run Build Command(s):/usr/bin/make cmTC_563b0/fast && make[3]: Entering directory '/home/pi/iota.c/build/cjson/src/ext_cjson/CMakeFiles/CMakeTmp'
/usr/bin/make -f CMakeFiles/cmTC_563b0.dir/build.make CMakeFiles/cmTC_563b0.dir/build
make[4]: Entering directory '/home/pi/iota.c/build/cjson/src/ext_cjson/CMakeFiles/CMakeTmp'
Building C object CMakeFiles/cmTC_563b0.dir/src.c.o
/usr/bin/gcc   -std=c89 -pedantic -Wall -Wextra -Werror -Wstrict-prototypes -Wwrite-strings -Wshadow -Winit-self -Wcast-align -Wformat=2 -Wmissing-prototypes -Wstrict-overflow=2 -Wcast-qual -Wundef -Wswitch-default -Wconversion -Wc++-compat -DFLAG_SUPPORTED_fstackprotectorstrong   -fstack-protector-strong -o CMakeFiles/cmTC_563b0.dir/src.c.o   -c /home/pi/iota.c/build/cjson/src/ext_cjson/CMakeFiles/CMakeTmp/src.c
Linking C executable cmTC_563b0
/usr/bin/cmake -E cmake_link_script CMakeFiles/cmTC_563b0.dir/link.txt --verbose=1
/usr/bin/gcc  -std=c89 -pedantic -Wall -Wextra -Werror -Wstrict-prototypes -Wwrite-strings -Wshadow -Winit-self -Wcast-align -Wformat=2 -Wmissing-prototypes -Wstrict-overflow=2 -Wcast-qual -Wundef -Wswitch-default -Wconversion -Wc++-compat -DFLAG_SUPPORTED_fstackprotectorstrong    -rdynamic CMakeFiles/cmTC_563b0.dir/src.c.o  -o cmTC_563b0 
make[4]: Leaving directory '/home/pi/iota.c/build/cjson/src/ext_cjson/CMakeFiles/CMakeTmp'
make[3]: Leaving directory '/home/pi/iota.c/build/cjson/src/ext_cjson/CMakeFiles/CMakeTmp'


Source file was:
int main(void) { return 0; }
Performing C SOURCE FILE Test FLAG_SUPPORTED_Wdoublepromotion succeeded with the following output:
Change Dir: /home/pi/iota.c/build/cjson/src/ext_cjson/CMakeFiles/CMakeTmp

Run Build Command(s):/usr/bin/make cmTC_aefb6/fast && make[3]: Entering directory '/home/pi/iota.c/build/cjson/src/ext_cjson/CMakeFiles/CMakeTmp'
/usr/bin/make -f CMakeFiles/cmTC_aefb6.dir/build.make CMakeFiles/cmTC_aefb6.dir/build
make[4]: Entering directory '/home/pi/iota.c/build/cjson/src/ext_cjson/CMakeFiles/CMakeTmp'
Building C object CMakeFiles/cmTC_aefb6.dir/src.c.o
/usr/bin/gcc   -std=c89 -pedantic -Wall -Wextra -Werror -Wstrict-prototypes -Wwrite-strings -Wshadow -Winit-self -Wcast-align -Wformat=2 -Wmissing-prototypes -Wstrict-overflow=2 -Wcast-qual -Wundef -Wswitch-default -Wconversion -Wc++-compat -fstack-protector-strong -DFLAG_SUPPORTED_Wdoublepromotion   -Wdouble-promotion -o CMakeFiles/cmTC_aefb6.dir/src.c.o   -c /home/pi/iota.c/build/cjson/src/ext_cjson/CMakeFiles/CMakeTmp/src.c
Linking C executable cmTC_aefb6
/usr/bin/cmake -E cmake_link_script CMakeFiles/cmTC_aefb6.dir/link.txt --verbose=1
/usr/bin/gcc  -std=c89 -pedantic -Wall -Wextra -Werror -Wstrict-prototypes -Wwrite-strings -Wshadow -Winit-self -Wcast-align -Wformat=2 -Wmissing-prototypes -Wstrict-overflow=2 -Wcast-qual -Wundef -Wswitch-default -Wconversion -Wc++-compat -fstack-protector-strong -DFLAG_SUPPORTED_Wdoublepromotion    -rdynamic CMakeFiles/cmTC_aefb6.dir/src.c.o  -o cmTC_aefb6 
make[4]: Leaving directory '/home/pi/iota.c/build/cjson/src/ext_cjson/CMakeFiles/CMakeTmp'
make[3]: Leaving directory '/home/pi/iota.c/build/cjson/src/ext_cjson/CMakeFiles/CMakeTmp'


Source file was:
int main(void) { return 0; }
Performing C SOURCE FILE Test FLAG_SUPPORTED_Wparentheses succeeded with the following output:
Change Dir: /home/pi/iota.c/build/cjson/src/ext_cjson/CMakeFiles/CMakeTmp

Run Build Command(s):/usr/bin/make cmTC_271a7/fast && make[3]: Entering directory '/home/pi/iota.c/build/cjson/src/ext_cjson/CMakeFiles/CMakeTmp'
/usr/bin/make -f CMakeFiles/cmTC_271a7.dir/build.make CMakeFiles/cmTC_271a7.dir/build
make[4]: Entering directory '/home/pi/iota.c/build/cjson/src/ext_cjson/CMakeFiles/CMakeTmp'
Building C object CMakeFiles/cmTC_271a7.dir/src.c.o
/usr/bin/gcc   -std=c89 -pedantic -Wall -Wextra -Werror -Wstrict-prototypes -Wwrite-strings -Wshadow -Winit-self -Wcast-align -Wformat=2 -Wmissing-prototypes -Wstrict-overflow=2 -Wcast-qual -Wundef -Wswitch-default -Wconversion -Wc++-compat -fstack-protector-strong -Wdouble-promotion -DFLAG_SUPPORTED_Wparentheses   -Wparentheses -o CMakeFiles/cmTC_271a7.dir/src.c.o   -c /home/pi/iota.c/build/cjson/src/ext_cjson/CMakeFiles/CMakeTmp/src.c
Linking C executable cmTC_271a7
/usr/bin/cmake -E cmake_link_script CMakeFiles/cmTC_271a7.dir/link.txt --verbose=1
/usr/bin/gcc  -std=c89 -pedantic -Wall -Wextra -Werror -Wstrict-prototypes -Wwrite-strings -Wshadow -Winit-self -Wcast-align -Wformat=2 -Wmissing-prototypes -Wstrict-overflow=2 -Wcast-qual -Wundef -Wswitch-default -Wconversion -Wc++-compat -fstack-protector-strong -Wdouble-promotion -DFLAG_SUPPORTED_Wparentheses    -rdynamic CMakeFiles/cmTC_271a7.dir/src.c.o  -o cmTC_271a7 
make[4]: Leaving directory '/home/pi/iota.c/build/cjson/src/ext_cjson/CMakeFiles/CMakeTmp'
make[3]: Leaving directory '/home/pi/iota.c/build/cjson/src/ext_cjson/CMakeFiles/CMakeTmp'


Source file was:
int main(void) { return 0; }
Performing C SOURCE FILE Test FLAG_SUPPORTED_Wformatoverflow succeeded with the following output:
Change Dir: /home/pi/iota.c/build/cjson/src/ext_cjson/CMakeFiles/CMakeTmp

Run Build Command(s):/usr/bin/make cmTC_c5df1/fast && make[3]: Entering directory '/home/pi/iota.c/build/cjson/src/ext_cjson/CMakeFiles/CMakeTmp'
/usr/bin/make -f CMakeFiles/cmTC_c5df1.dir/build.make CMakeFiles/cmTC_c5df1.dir/build
make[4]: Entering directory '/home/pi/iota.c/build/cjson/src/ext_cjson/CMakeFiles/CMakeTmp'
Building C object CMakeFiles/cmTC_c5df1.dir/src.c.o
/usr/bin/gcc   -std=c89 -pedantic -Wall -Wextra -Werror -Wstrict-prototypes -Wwrite-strings -Wshadow -Winit-self -Wcast-align -Wformat=2 -Wmissing-prototypes -Wstrict-overflow=2 -Wcast-qual -Wundef -Wswitch-default -Wconversion -Wc++-compat -fstack-protector-strong -Wdouble-promotion -Wparentheses -DFLAG_SUPPORTED_Wformatoverflow   -Wformat-overflow -o CMakeFiles/cmTC_c5df1.dir/src.c.o   -c /home/pi/iota.c/build/cjson/src/ext_cjson/CMakeFiles/CMakeTmp/src.c
Linking C executable cmTC_c5df1
/usr/bin/cmake -E cmake_link_script CMakeFiles/cmTC_c5df1.dir/link.txt --verbose=1
/usr/bin/gcc  -std=c89 -pedantic -Wall -Wextra -Werror -Wstrict-prototypes -Wwrite-strings -Wshadow -Winit-self -Wcast-align -Wformat=2 -Wmissing-prototypes -Wstrict-overflow=2 -Wcast-qual -Wundef -Wswitch-default -Wconversion -Wc++-compat -fstack-protector-strong -Wdouble-promotion -Wparentheses -DFLAG_SUPPORTED_Wformatoverflow    -rdynamic CMakeFiles/cmTC_c5df1.dir/src.c.o  -o cmTC_c5df1 
make[4]: Leaving directory '/home/pi/iota.c/build/cjson/src/ext_cjson/CMakeFiles/CMakeTmp'
make[3]: Leaving directory '/home/pi/iota.c/build/cjson/src/ext_cjson/CMakeFiles/CMakeTmp'


Source file was:
int main(void) { return 0; }
Performing C SOURCE FILE Test FLAG_SUPPORTED_Wunusedmacros succeeded with the following output:
Change Dir: /home/pi/iota.c/build/cjson/src/ext_cjson/CMakeFiles/CMakeTmp

Run Build Command(s):/usr/bin/make cmTC_a59d4/fast && make[3]: Entering directory '/home/pi/iota.c/build/cjson/src/ext_cjson/CMakeFiles/CMakeTmp'
/usr/bin/make -f CMakeFiles/cmTC_a59d4.dir/build.make CMakeFiles/cmTC_a59d4.dir/build
make[4]: Entering directory '/home/pi/iota.c/build/cjson/src/ext_cjson/CMakeFiles/CMakeTmp'
Building C object CMakeFiles/cmTC_a59d4.dir/src.c.o
/usr/bin/gcc   -std=c89 -pedantic -Wall -Wextra -Werror -Wstrict-prototypes -Wwrite-strings -Wshadow -Winit-self -Wcast-align -Wformat=2 -Wmissing-prototypes -Wstrict-overflow=2 -Wcast-qual -Wundef -Wswitch-default -Wconversion -Wc++-compat -fstack-protector-strong -Wdouble-promotion -Wparentheses -Wformat-overflow -DFLAG_SUPPORTED_Wunusedmacros   -Wunused-macros -o CMakeFiles/cmTC_a59d4.dir/src.c.o   -c /home/pi/iota.c/build/cjson/src/ext_cjson/CMakeFiles/CMakeTmp/src.c
Linking C executable cmTC_a59d4
/usr/bin/cmake -E cmake_link_script CMakeFiles/cmTC_a59d4.dir/link.txt --verbose=1
/usr/bin/gcc  -std=c89 -pedantic -Wall -Wextra -Werror -Wstrict-prototypes -Wwrite-strings -Wshadow -Winit-self -Wcast-align -Wformat=2 -Wmissing-prototypes -Wstrict-overflow=2 -Wcast-qual -Wundef -Wswitch-default -Wconversion -Wc++-compat -fstack-protector-strong -Wdouble-promotion -Wparentheses -Wformat-overflow -DFLAG_SUPPORTED_Wunusedmacros    -rdynamic CMakeFiles/cmTC_a59d4.dir/src.c.o  -o cmTC_a59d4 
make[4]: Leaving directory '/home/pi/iota.c/build/cjson/src/ext_cjson/CMakeFiles/CMakeTmp'
make[3]: Leaving directory '/home/pi/iota.c/build/cjson/src/ext_cjson/CMakeFiles/CMakeTmp'


Source file was:
int main(void) { return 0; }
Performing C SOURCE FILE Test FLAG_SUPPORTED_Wswitchenum succeeded with the following output:
Change Dir: /home/pi/iota.c/build/cjson/src/ext_cjson/CMakeFiles/CMakeTmp

Run Build Command(s):/usr/bin/make cmTC_32f4c/fast && make[3]: Entering directory '/home/pi/iota.c/build/cjson/src/ext_cjson/CMakeFiles/CMakeTmp'
/usr/bin/make -f CMakeFiles/cmTC_32f4c.dir/build.make CMakeFiles/cmTC_32f4c.dir/build
make[4]: Entering directory '/home/pi/iota.c/build/cjson/src/ext_cjson/CMakeFiles/CMakeTmp'
Building C object CMakeFiles/cmTC_32f4c.dir/src.c.o
/usr/bin/gcc   -std=c89 -pedantic -Wall -Wextra -Werror -Wstrict-prototypes -Wwrite-strings -Wshadow -Winit-self -Wcast-align -Wformat=2 -Wmissing-prototypes -Wstrict-overflow=2 -Wcast-qual -Wundef -Wswitch-default -Wconversion -Wc++-compat -fstack-protector-strong -Wdouble-promotion -Wparentheses -Wformat-overflow -Wunused-macros -DFLAG_SUPPORTED_Wswitchenum   -Wswitch-enum -o CMakeFiles/cmTC_32f4c.dir/src.c.o   -c /home/pi/iota.c/build/cjson/src/ext_cjson/CMakeFiles/CMakeTmp/src.c
Linking C executable cmTC_32f4c
/usr/bin/cmake -E cmake_link_script CMakeFiles/cmTC_32f4c.dir/link.txt --verbose=1
/usr/bin/gcc  -std=c89 -pedantic -Wall -Wextra -Werror -Wstrict-prototypes -Wwrite-strings -Wshadow -Winit-self -Wcast-align -Wformat=2 -Wmissing-prototypes -Wstrict-overflow=2 -Wcast-qual -Wundef -Wswitch-default -Wconversion -Wc++-compat -fstack-protector-strong -Wdouble-promotion -Wparentheses -Wformat-overflow -Wunused-macros -DFLAG_SUPPORTED_Wswitchenum    -rdynamic CMakeFiles/cmTC_32f4c.dir/src.c.o  -o cmTC_32f4c 
make[4]: Leaving directory '/home/pi/iota.c/build/cjson/src/ext_cjson/CMakeFiles/CMakeTmp'
make[3]: Leaving directory '/home/pi/iota.c/build/cjson/src/ext_cjson/CMakeFiles/CMakeTmp'


Source file was:
int main(void) { return 0; }
Performing C SOURCE FILE Test FLAG_SUPPORTED_fvisibilityhidden succeeded with the following output:
Change Dir: /home/pi/iota.c/build/cjson/src/ext_cjson/CMakeFiles/CMakeTmp

Run Build Command(s):/usr/bin/make cmTC_79c2e/fast && make[3]: Entering directory '/home/pi/iota.c/build/cjson/src/ext_cjson/CMakeFiles/CMakeTmp'
/usr/bin/make -f CMakeFiles/cmTC_79c2e.dir/build.make CMakeFiles/cmTC_79c2e.dir/build
make[4]: Entering directory '/home/pi/iota.c/build/cjson/src/ext_cjson/CMakeFiles/CMakeTmp'
Building C object CMakeFiles/cmTC_79c2e.dir/src.c.o
/usr/bin/gcc   -std=c89 -pedantic -Wall -Wextra -Werror -Wstrict-prototypes -Wwrite-strings -Wshadow -Winit-self -Wcast-align -Wformat=2 -Wmissing-prototypes -Wstrict-overflow=2 -Wcast-qual -Wundef -Wswitch-default -Wconversion -Wc++-compat -fstack-protector-strong -Wdouble-promotion -Wparentheses -Wformat-overflow -Wunused-macros -Wswitch-enum -DFLAG_SUPPORTED_fvisibilityhidden   -fvisibility=hidden -o CMakeFiles/cmTC_79c2e.dir/src.c.o   -c /home/pi/iota.c/build/cjson/src/ext_cjson/CMakeFiles/CMakeTmp/src.c
Linking C executable cmTC_79c2e
/usr/bin/cmake -E cmake_link_script CMakeFiles/cmTC_79c2e.dir/link.txt --verbose=1
/usr/bin/gcc  -std=c89 -pedantic -Wall -Wextra -Werror -Wstrict-prototypes -Wwrite-strings -Wshadow -Winit-self -Wcast-align -Wformat=2 -Wmissing-prototypes -Wstrict-overflow=2 -Wcast-qual -Wundef -Wswitch-default -Wconversion -Wc++-compat -fstack-protector-strong -Wdouble-promotion -Wparentheses -Wformat-overflow -Wunused-macros -Wswitch-enum -DFLAG_SUPPORTED_fvisibilityhidden    -rdynamic CMakeFiles/cmTC_79c2e.dir/src.c.o  -o cmTC_79c2e 
make[4]: Leaving directory '/home/pi/iota.c/build/cjson/src/ext_cjson/CMakeFiles/CMakeTmp'
make[3]: Leaving directory '/home/pi/iota.c/build/cjson/src/ext_cjson/CMakeFiles/CMakeTmp'


Source file was:
int main(void) { return 0; }
