The system is: Linux - 5.10.17-v8+ - aarch64
Compiling the C compiler identification source file "CMakeCCompilerId.c" succeeded.
Compiler: /usr/bin/gcc 
Build flags: 
Id flags:  

The output was:
0


Compilation of the C compiler identification source "CMakeCCompilerId.c" produced "a.out"

The C compiler identification is GNU, found in "/home/pi/iota.c/build/unity/src/ext_unity/CMakeFiles/3.16.3/CompilerIdC/a.out"

Determining if the C compiler works passed with the following output:
Change Dir: /home/pi/iota.c/build/unity/src/ext_unity/CMakeFiles/CMakeTmp

Run Build Command(s):/usr/bin/make cmTC_ad98e/fast && make[3]: Entering directory '/home/pi/iota.c/build/unity/src/ext_unity/CMakeFiles/CMakeTmp'
/usr/bin/make -f CMakeFiles/cmTC_ad98e.dir/build.make CMakeFiles/cmTC_ad98e.dir/build
make[4]: Entering directory '/home/pi/iota.c/build/unity/src/ext_unity/CMakeFiles/CMakeTmp'
Building C object CMakeFiles/cmTC_ad98e.dir/testCCompiler.c.o
/usr/bin/gcc    -o CMakeFiles/cmTC_ad98e.dir/testCCompiler.c.o   -c /home/pi/iota.c/build/unity/src/ext_unity/CMakeFiles/CMakeTmp/testCCompiler.c
Linking C executable cmTC_ad98e
/usr/bin/cmake -E cmake_link_script CMakeFiles/cmTC_ad98e.dir/link.txt --verbose=1
/usr/bin/gcc      CMakeFiles/cmTC_ad98e.dir/testCCompiler.c.o  -o cmTC_ad98e 
make[4]: Leaving directory '/home/pi/iota.c/build/unity/src/ext_unity/CMakeFiles/CMakeTmp'
make[3]: Leaving directory '/home/pi/iota.c/build/unity/src/ext_unity/CMakeFiles/CMakeTmp'



Detecting C compiler ABI info compiled with the following output:
Change Dir: /home/pi/iota.c/build/unity/src/ext_unity/CMakeFiles/CMakeTmp

Run Build Command(s):/usr/bin/make cmTC_f2e7f/fast && make[3]: Entering directory '/home/pi/iota.c/build/unity/src/ext_unity/CMakeFiles/CMakeTmp'
/usr/bin/make -f CMakeFiles/cmTC_f2e7f.dir/build.make CMakeFiles/cmTC_f2e7f.dir/build
make[4]: Entering directory '/home/pi/iota.c/build/unity/src/ext_unity/CMakeFiles/CMakeTmp'
Building C object CMakeFiles/cmTC_f2e7f.dir/CMakeCCompilerABI.c.o
/usr/bin/gcc   -v -o CMakeFiles/cmTC_f2e7f.dir/CMakeCCompilerABI.c.o   -c /usr/share/cmake-3.16/Modules/CMakeCCompilerABI.c
Using built-in specs.
COLLECT_GCC=/usr/bin/gcc
Target: aarch64-linux-gnu
Configured with: ../src/configure -v --with-pkgversion='Debian 8.3.0-6' --with-bugurl=file:///usr/share/doc/gcc-8/README.Bugs --enable-languages=c,ada,c++,go,d,fortran,objc,obj-c++ --prefix=/usr --with-gcc-major-version-only --program-suffix=-8 --program-prefix=aarch64-linux-gnu- --enable-shared --enable-linker-build-id --libexecdir=/usr/lib --without-included-gettext --enable-threads=posix --libdir=/usr/lib --enable-nls --enable-bootstrap --enable-clocale=gnu --enable-libstdcxx-debug --enable-libstdcxx-time=yes --with-default-libstdcxx-abi=new --enable-gnu-unique-object --disable-libquadmath --disable-libquadmath-support --enable-plugin --enable-default-pie --with-system-zlib --disable-libphobos --enable-multiarch --enable-fix-cortex-a53-843419 --disable-werror --enable-checking=release --build=aarch64-linux-gnu --host=aarch64-linux-gnu --target=aarch64-linux-gnu
Thread model: posix
gcc version 8.3.0 (Debian 8.3.0-6) 
COLLECT_GCC_OPTIONS='-v' '-o' 'CMakeFiles/cmTC_f2e7f.dir/CMakeCCompilerABI.c.o' '-c' '-mlittle-endian' '-mabi=lp64'
 /usr/lib/gcc/aarch64-linux-gnu/8/cc1 -quiet -v -imultiarch aarch64-linux-gnu /usr/share/cmake-3.16/Modules/CMakeCCompilerABI.c -quiet -dumpbase CMakeCCompilerABI.c -mlittle-endian -mabi=lp64 -auxbase-strip CMakeFiles/cmTC_f2e7f.dir/CMakeCCompilerABI.c.o -version -o /tmp/ccveYWRE.s
GNU C17 (Debian 8.3.0-6) version 8.3.0 (aarch64-linux-gnu)
	compiled by GNU C version 8.3.0, GMP version 6.1.2, MPFR version 4.0.2, MPC version 1.1.0, isl version isl-0.20-GMP

GGC heuristics: --param ggc-min-expand=92 --param ggc-min-heapsize=116508
ignoring nonexistent directory "/usr/local/include/aarch64-linux-gnu"
ignoring nonexistent directory "/usr/lib/gcc/aarch64-linux-gnu/8/../../../../aarch64-linux-gnu/include"
#include "..." search starts here:
#include <...> search starts here:
 /usr/lib/gcc/aarch64-linux-gnu/8/include
 /usr/local/include
 /usr/lib/gcc/aarch64-linux-gnu/8/include-fixed
 /usr/include/aarch64-linux-gnu
 /usr/include
End of search list.
GNU C17 (Debian 8.3.0-6) version 8.3.0 (aarch64-linux-gnu)
	compiled by GNU C version 8.3.0, GMP version 6.1.2, MPFR version 4.0.2, MPC version 1.1.0, isl version isl-0.20-GMP

GGC heuristics: --param ggc-min-expand=92 --param ggc-min-heapsize=116508
Compiler executable checksum: b68f6f266e9be479e3064a3b1dd2dd2d
COLLECT_GCC_OPTIONS='-v' '-o' 'CMakeFiles/cmTC_f2e7f.dir/CMakeCCompilerABI.c.o' '-c' '-mlittle-endian' '-mabi=lp64'
 as -v -EL -mabi=lp64 -o CMakeFiles/cmTC_f2e7f.dir/CMakeCCompilerABI.c.o /tmp/ccveYWRE.s
GNU assembler version 2.31.1 (aarch64-linux-gnu) using BFD version (GNU Binutils for Debian) 2.31.1
COMPILER_PATH=/usr/lib/gcc/aarch64-linux-gnu/8/:/usr/lib/gcc/aarch64-linux-gnu/8/:/usr/lib/gcc/aarch64-linux-gnu/:/usr/lib/gcc/aarch64-linux-gnu/8/:/usr/lib/gcc/aarch64-linux-gnu/
LIBRARY_PATH=/usr/lib/gcc/aarch64-linux-gnu/8/:/usr/lib/gcc/aarch64-linux-gnu/8/../../../aarch64-linux-gnu/:/usr/lib/gcc/aarch64-linux-gnu/8/../../../../lib/:/lib/aarch64-linux-gnu/:/lib/../lib/:/usr/lib/aarch64-linux-gnu/:/usr/lib/../lib/:/usr/lib/gcc/aarch64-linux-gnu/8/../../../:/lib/:/usr/lib/
COLLECT_GCC_OPTIONS='-v' '-o' 'CMakeFiles/cmTC_f2e7f.dir/CMakeCCompilerABI.c.o' '-c' '-mlittle-endian' '-mabi=lp64'
Linking C executable cmTC_f2e7f
/usr/bin/cmake -E cmake_link_script CMakeFiles/cmTC_f2e7f.dir/link.txt --verbose=1
/usr/bin/gcc     -v CMakeFiles/cmTC_f2e7f.dir/CMakeCCompilerABI.c.o  -o cmTC_f2e7f 
Using built-in specs.
COLLECT_GCC=/usr/bin/gcc
COLLECT_LTO_WRAPPER=/usr/lib/gcc/aarch64-linux-gnu/8/lto-wrapper
Target: aarch64-linux-gnu
Configured with: ../src/configure -v --with-pkgversion='Debian 8.3.0-6' --with-bugurl=file:///usr/share/doc/gcc-8/README.Bugs --enable-languages=c,ada,c++,go,d,fortran,objc,obj-c++ --prefix=/usr --with-gcc-major-version-only --program-suffix=-8 --program-prefix=aarch64-linux-gnu- --enable-shared --enable-linker-build-id --libexecdir=/usr/lib --without-included-gettext --enable-threads=posix --libdir=/usr/lib --enable-nls --enable-bootstrap --enable-clocale=gnu --enable-libstdcxx-debug --enable-libstdcxx-time=yes --with-default-libstdcxx-abi=new --enable-gnu-unique-object --disable-libquadmath --disable-libquadmath-support --enable-plugin --enable-default-pie --with-system-zlib --disable-libphobos --enable-multiarch --enable-fix-cortex-a53-843419 --disable-werror --enable-checking=release --build=aarch64-linux-gnu --host=aarch64-linux-gnu --target=aarch64-linux-gnu
Thread model: posix
gcc version 8.3.0 (Debian 8.3.0-6) 
COMPILER_PATH=/usr/lib/gcc/aarch64-linux-gnu/8/:/usr/lib/gcc/aarch64-linux-gnu/8/:/usr/lib/gcc/aarch64-linux-gnu/:/usr/lib/gcc/aarch64-linux-gnu/8/:/usr/lib/gcc/aarch64-linux-gnu/
LIBRARY_PATH=/usr/lib/gcc/aarch64-linux-gnu/8/:/usr/lib/gcc/aarch64-linux-gnu/8/../../../aarch64-linux-gnu/:/usr/lib/gcc/aarch64-linux-gnu/8/../../../../lib/:/lib/aarch64-linux-gnu/:/lib/../lib/:/usr/lib/aarch64-linux-gnu/:/usr/lib/../lib/:/usr/lib/gcc/aarch64-linux-gnu/8/../../../:/lib/:/usr/lib/
COLLECT_GCC_OPTIONS='-v' '-o' 'cmTC_f2e7f' '-mlittle-endian' '-mabi=lp64'
 /usr/lib/gcc/aarch64-linux-gnu/8/collect2 -plugin /usr/lib/gcc/aarch64-linux-gnu/8/liblto_plugin.so -plugin-opt=/usr/lib/gcc/aarch64-linux-gnu/8/lto-wrapper -plugin-opt=-fresolution=/tmp/ccxX3mV0.res -plugin-opt=-pass-through=-lgcc -plugin-opt=-pass-through=-lgcc_s -plugin-opt=-pass-through=-lc -plugin-opt=-pass-through=-lgcc -plugin-opt=-pass-through=-lgcc_s --build-id --eh-frame-hdr --hash-style=gnu -dynamic-linker /lib/ld-linux-aarch64.so.1 -X -EL -maarch64linux --fix-cortex-a53-843419 -pie -o cmTC_f2e7f /usr/lib/gcc/aarch64-linux-gnu/8/../../../aarch64-linux-gnu/Scrt1.o /usr/lib/gcc/aarch64-linux-gnu/8/../../../aarch64-linux-gnu/crti.o /usr/lib/gcc/aarch64-linux-gnu/8/crtbeginS.o -L/usr/lib/gcc/aarch64-linux-gnu/8 -L/usr/lib/gcc/aarch64-linux-gnu/8/../../../aarch64-linux-gnu -L/usr/lib/gcc/aarch64-linux-gnu/8/../../../../lib -L/lib/aarch64-linux-gnu -L/lib/../lib -L/usr/lib/aarch64-linux-gnu -L/usr/lib/../lib -L/usr/lib/gcc/aarch64-linux-gnu/8/../../.. CMakeFiles/cmTC_f2e7f.dir/CMakeCCompilerABI.c.o -lgcc --push-state --as-needed -lgcc_s --pop-state -lc -lgcc --push-state --as-needed -lgcc_s --pop-state /usr/lib/gcc/aarch64-linux-gnu/8/crtendS.o /usr/lib/gcc/aarch64-linux-gnu/8/../../../aarch64-linux-gnu/crtn.o
COLLECT_GCC_OPTIONS='-v' '-o' 'cmTC_f2e7f' '-mlittle-endian' '-mabi=lp64'
make[4]: Leaving directory '/home/pi/iota.c/build/unity/src/ext_unity/CMakeFiles/CMakeTmp'
make[3]: Leaving directory '/home/pi/iota.c/build/unity/src/ext_unity/CMakeFiles/CMakeTmp'



Parsed C implicit include dir info from above output: rv=done
  found start of include info
  found start of implicit include info
    add: [/usr/lib/gcc/aarch64-linux-gnu/8/include]
    add: [/usr/local/include]
    add: [/usr/lib/gcc/aarch64-linux-gnu/8/include-fixed]
    add: [/usr/include/aarch64-linux-gnu]
    add: [/usr/include]
  end of search list found
  collapse include dir [/usr/lib/gcc/aarch64-linux-gnu/8/include] ==> [/usr/lib/gcc/aarch64-linux-gnu/8/include]
  collapse include dir [/usr/local/include] ==> [/usr/local/include]
  collapse include dir [/usr/lib/gcc/aarch64-linux-gnu/8/include-fixed] ==> [/usr/lib/gcc/aarch64-linux-gnu/8/include-fixed]
  collapse include dir [/usr/include/aarch64-linux-gnu] ==> [/usr/include/aarch64-linux-gnu]
  collapse include dir [/usr/include] ==> [/usr/include]
  implicit include dirs: [/usr/lib/gcc/aarch64-linux-gnu/8/include;/usr/local/include;/usr/lib/gcc/aarch64-linux-gnu/8/include-fixed;/usr/include/aarch64-linux-gnu;/usr/include]


Parsed C implicit link information from above output:
  link line regex: [^( *|.*[/\])(ld|CMAKE_LINK_STARTFILE-NOTFOUND|([^/\]+-)?ld|collect2)[^/\]*( |$)]
  ignore line: [Change Dir: /home/pi/iota.c/build/unity/src/ext_unity/CMakeFiles/CMakeTmp]
  ignore line: []
  ignore line: [Run Build Command(s):/usr/bin/make cmTC_f2e7f/fast && make[3]: Entering directory '/home/pi/iota.c/build/unity/src/ext_unity/CMakeFiles/CMakeTmp']
  ignore line: [/usr/bin/make -f CMakeFiles/cmTC_f2e7f.dir/build.make CMakeFiles/cmTC_f2e7f.dir/build]
  ignore line: [make[4]: Entering directory '/home/pi/iota.c/build/unity/src/ext_unity/CMakeFiles/CMakeTmp']
  ignore line: [Building C object CMakeFiles/cmTC_f2e7f.dir/CMakeCCompilerABI.c.o]
  ignore line: [/usr/bin/gcc   -v -o CMakeFiles/cmTC_f2e7f.dir/CMakeCCompilerABI.c.o   -c /usr/share/cmake-3.16/Modules/CMakeCCompilerABI.c]
  ignore line: [Using built-in specs.]
  ignore line: [COLLECT_GCC=/usr/bin/gcc]
  ignore line: [Target: aarch64-linux-gnu]
  ignore line: [Configured with: ../src/configure -v --with-pkgversion='Debian 8.3.0-6' --with-bugurl=file:///usr/share/doc/gcc-8/README.Bugs --enable-languages=c ada c++ go d fortran objc obj-c++ --prefix=/usr --with-gcc-major-version-only --program-suffix=-8 --program-prefix=aarch64-linux-gnu- --enable-shared --enable-linker-build-id --libexecdir=/usr/lib --without-included-gettext --enable-threads=posix --libdir=/usr/lib --enable-nls --enable-bootstrap --enable-clocale=gnu --enable-libstdcxx-debug --enable-libstdcxx-time=yes --with-default-libstdcxx-abi=new --enable-gnu-unique-object --disable-libquadmath --disable-libquadmath-support --enable-plugin --enable-default-pie --with-system-zlib --disable-libphobos --enable-multiarch --enable-fix-cortex-a53-843419 --disable-werror --enable-checking=release --build=aarch64-linux-gnu --host=aarch64-linux-gnu --target=aarch64-linux-gnu]
  ignore line: [Thread model: posix]
  ignore line: [gcc version 8.3.0 (Debian 8.3.0-6) ]
  ignore line: [COLLECT_GCC_OPTIONS='-v' '-o' 'CMakeFiles/cmTC_f2e7f.dir/CMakeCCompilerABI.c.o' '-c' '-mlittle-endian' '-mabi=lp64']
  ignore line: [ /usr/lib/gcc/aarch64-linux-gnu/8/cc1 -quiet -v -imultiarch aarch64-linux-gnu /usr/share/cmake-3.16/Modules/CMakeCCompilerABI.c -quiet -dumpbase CMakeCCompilerABI.c -mlittle-endian -mabi=lp64 -auxbase-strip CMakeFiles/cmTC_f2e7f.dir/CMakeCCompilerABI.c.o -version -o /tmp/ccveYWRE.s]
  ignore line: [GNU C17 (Debian 8.3.0-6) version 8.3.0 (aarch64-linux-gnu)]
  ignore line: [	compiled by GNU C version 8.3.0  GMP version 6.1.2  MPFR version 4.0.2  MPC version 1.1.0  isl version isl-0.20-GMP]
  ignore line: []
  ignore line: [GGC heuristics: --param ggc-min-expand=92 --param ggc-min-heapsize=116508]
  ignore line: [ignoring nonexistent directory "/usr/local/include/aarch64-linux-gnu"]
  ignore line: [ignoring nonexistent directory "/usr/lib/gcc/aarch64-linux-gnu/8/../../../../aarch64-linux-gnu/include"]
  ignore line: [#include "..." search starts here:]
  ignore line: [#include <...> search starts here:]
  ignore line: [ /usr/lib/gcc/aarch64-linux-gnu/8/include]
  ignore line: [ /usr/local/include]
  ignore line: [ /usr/lib/gcc/aarch64-linux-gnu/8/include-fixed]
  ignore line: [ /usr/include/aarch64-linux-gnu]
  ignore line: [ /usr/include]
  ignore line: [End of search list.]
  ignore line: [GNU C17 (Debian 8.3.0-6) version 8.3.0 (aarch64-linux-gnu)]
  ignore line: [	compiled by GNU C version 8.3.0  GMP version 6.1.2  MPFR version 4.0.2  MPC version 1.1.0  isl version isl-0.20-GMP]
  ignore line: []
  ignore line: [GGC heuristics: --param ggc-min-expand=92 --param ggc-min-heapsize=116508]
  ignore line: [Compiler executable checksum: b68f6f266e9be479e3064a3b1dd2dd2d]
  ignore line: [COLLECT_GCC_OPTIONS='-v' '-o' 'CMakeFiles/cmTC_f2e7f.dir/CMakeCCompilerABI.c.o' '-c' '-mlittle-endian' '-mabi=lp64']
  ignore line: [ as -v -EL -mabi=lp64 -o CMakeFiles/cmTC_f2e7f.dir/CMakeCCompilerABI.c.o /tmp/ccveYWRE.s]
  ignore line: [GNU assembler version 2.31.1 (aarch64-linux-gnu) using BFD version (GNU Binutils for Debian) 2.31.1]
  ignore line: [COMPILER_PATH=/usr/lib/gcc/aarch64-linux-gnu/8/:/usr/lib/gcc/aarch64-linux-gnu/8/:/usr/lib/gcc/aarch64-linux-gnu/:/usr/lib/gcc/aarch64-linux-gnu/8/:/usr/lib/gcc/aarch64-linux-gnu/]
  ignore line: [LIBRARY_PATH=/usr/lib/gcc/aarch64-linux-gnu/8/:/usr/lib/gcc/aarch64-linux-gnu/8/../../../aarch64-linux-gnu/:/usr/lib/gcc/aarch64-linux-gnu/8/../../../../lib/:/lib/aarch64-linux-gnu/:/lib/../lib/:/usr/lib/aarch64-linux-gnu/:/usr/lib/../lib/:/usr/lib/gcc/aarch64-linux-gnu/8/../../../:/lib/:/usr/lib/]
  ignore line: [COLLECT_GCC_OPTIONS='-v' '-o' 'CMakeFiles/cmTC_f2e7f.dir/CMakeCCompilerABI.c.o' '-c' '-mlittle-endian' '-mabi=lp64']
  ignore line: [Linking C executable cmTC_f2e7f]
  ignore line: [/usr/bin/cmake -E cmake_link_script CMakeFiles/cmTC_f2e7f.dir/link.txt --verbose=1]
  ignore line: [/usr/bin/gcc     -v CMakeFiles/cmTC_f2e7f.dir/CMakeCCompilerABI.c.o  -o cmTC_f2e7f ]
  ignore line: [Using built-in specs.]
  ignore line: [COLLECT_GCC=/usr/bin/gcc]
  ignore line: [COLLECT_LTO_WRAPPER=/usr/lib/gcc/aarch64-linux-gnu/8/lto-wrapper]
  ignore line: [Target: aarch64-linux-gnu]
  ignore line: [Configured with: ../src/configure -v --with-pkgversion='Debian 8.3.0-6' --with-bugurl=file:///usr/share/doc/gcc-8/README.Bugs --enable-languages=c ada c++ go d fortran objc obj-c++ --prefix=/usr --with-gcc-major-version-only --program-suffix=-8 --program-prefix=aarch64-linux-gnu- --enable-shared --enable-linker-build-id --libexecdir=/usr/lib --without-included-gettext --enable-threads=posix --libdir=/usr/lib --enable-nls --enable-bootstrap --enable-clocale=gnu --enable-libstdcxx-debug --enable-libstdcxx-time=yes --with-default-libstdcxx-abi=new --enable-gnu-unique-object --disable-libquadmath --disable-libquadmath-support --enable-plugin --enable-default-pie --with-system-zlib --disable-libphobos --enable-multiarch --enable-fix-cortex-a53-843419 --disable-werror --enable-checking=release --build=aarch64-linux-gnu --host=aarch64-linux-gnu --target=aarch64-linux-gnu]
  ignore line: [Thread model: posix]
  ignore line: [gcc version 8.3.0 (Debian 8.3.0-6) ]
  ignore line: [COMPILER_PATH=/usr/lib/gcc/aarch64-linux-gnu/8/:/usr/lib/gcc/aarch64-linux-gnu/8/:/usr/lib/gcc/aarch64-linux-gnu/:/usr/lib/gcc/aarch64-linux-gnu/8/:/usr/lib/gcc/aarch64-linux-gnu/]
  ignore line: [LIBRARY_PATH=/usr/lib/gcc/aarch64-linux-gnu/8/:/usr/lib/gcc/aarch64-linux-gnu/8/../../../aarch64-linux-gnu/:/usr/lib/gcc/aarch64-linux-gnu/8/../../../../lib/:/lib/aarch64-linux-gnu/:/lib/../lib/:/usr/lib/aarch64-linux-gnu/:/usr/lib/../lib/:/usr/lib/gcc/aarch64-linux-gnu/8/../../../:/lib/:/usr/lib/]
  ignore line: [COLLECT_GCC_OPTIONS='-v' '-o' 'cmTC_f2e7f' '-mlittle-endian' '-mabi=lp64']
  link line: [ /usr/lib/gcc/aarch64-linux-gnu/8/collect2 -plugin /usr/lib/gcc/aarch64-linux-gnu/8/liblto_plugin.so -plugin-opt=/usr/lib/gcc/aarch64-linux-gnu/8/lto-wrapper -plugin-opt=-fresolution=/tmp/ccxX3mV0.res -plugin-opt=-pass-through=-lgcc -plugin-opt=-pass-through=-lgcc_s -plugin-opt=-pass-through=-lc -plugin-opt=-pass-through=-lgcc -plugin-opt=-pass-through=-lgcc_s --build-id --eh-frame-hdr --hash-style=gnu -dynamic-linker /lib/ld-linux-aarch64.so.1 -X -EL -maarch64linux --fix-cortex-a53-843419 -pie -o cmTC_f2e7f /usr/lib/gcc/aarch64-linux-gnu/8/../../../aarch64-linux-gnu/Scrt1.o /usr/lib/gcc/aarch64-linux-gnu/8/../../../aarch64-linux-gnu/crti.o /usr/lib/gcc/aarch64-linux-gnu/8/crtbeginS.o -L/usr/lib/gcc/aarch64-linux-gnu/8 -L/usr/lib/gcc/aarch64-linux-gnu/8/../../../aarch64-linux-gnu -L/usr/lib/gcc/aarch64-linux-gnu/8/../../../../lib -L/lib/aarch64-linux-gnu -L/lib/../lib -L/usr/lib/aarch64-linux-gnu -L/usr/lib/../lib -L/usr/lib/gcc/aarch64-linux-gnu/8/../../.. CMakeFiles/cmTC_f2e7f.dir/CMakeCCompilerABI.c.o -lgcc --push-state --as-needed -lgcc_s --pop-state -lc -lgcc --push-state --as-needed -lgcc_s --pop-state /usr/lib/gcc/aarch64-linux-gnu/8/crtendS.o /usr/lib/gcc/aarch64-linux-gnu/8/../../../aarch64-linux-gnu/crtn.o]
    arg [/usr/lib/gcc/aarch64-linux-gnu/8/collect2] ==> ignore
    arg [-plugin] ==> ignore
    arg [/usr/lib/gcc/aarch64-linux-gnu/8/liblto_plugin.so] ==> ignore
    arg [-plugin-opt=/usr/lib/gcc/aarch64-linux-gnu/8/lto-wrapper] ==> ignore
    arg [-plugin-opt=-fresolution=/tmp/ccxX3mV0.res] ==> ignore
    arg [-plugin-opt=-pass-through=-lgcc] ==> ignore
    arg [-plugin-opt=-pass-through=-lgcc_s] ==> ignore
    arg [-plugin-opt=-pass-through=-lc] ==> ignore
    arg [-plugin-opt=-pass-through=-lgcc] ==> ignore
    arg [-plugin-opt=-pass-through=-lgcc_s] ==> ignore
    arg [--build-id] ==> ignore
    arg [--eh-frame-hdr] ==> ignore
    arg [--hash-style=gnu] ==> ignore
    arg [-dynamic-linker] ==> ignore
    arg [/lib/ld-linux-aarch64.so.1] ==> ignore
    arg [-X] ==> ignore
    arg [-EL] ==> ignore
    arg [-maarch64linux] ==> ignore
    arg [--fix-cortex-a53-843419] ==> ignore
    arg [-pie] ==> ignore
    arg [-o] ==> ignore
    arg [cmTC_f2e7f] ==> ignore
    arg [/usr/lib/gcc/aarch64-linux-gnu/8/../../../aarch64-linux-gnu/Scrt1.o] ==> ignore
    arg [/usr/lib/gcc/aarch64-linux-gnu/8/../../../aarch64-linux-gnu/crti.o] ==> ignore
    arg [/usr/lib/gcc/aarch64-linux-gnu/8/crtbeginS.o] ==> ignore
    arg [-L/usr/lib/gcc/aarch64-linux-gnu/8] ==> dir [/usr/lib/gcc/aarch64-linux-gnu/8]
    arg [-L/usr/lib/gcc/aarch64-linux-gnu/8/../../../aarch64-linux-gnu] ==> dir [/usr/lib/gcc/aarch64-linux-gnu/8/../../../aarch64-linux-gnu]
    arg [-L/usr/lib/gcc/aarch64-linux-gnu/8/../../../../lib] ==> dir [/usr/lib/gcc/aarch64-linux-gnu/8/../../../../lib]
    arg [-L/lib/aarch64-linux-gnu] ==> dir [/lib/aarch64-linux-gnu]
    arg [-L/lib/../lib] ==> dir [/lib/../lib]
    arg [-L/usr/lib/aarch64-linux-gnu] ==> dir [/usr/lib/aarch64-linux-gnu]
    arg [-L/usr/lib/../lib] ==> dir [/usr/lib/../lib]
    arg [-L/usr/lib/gcc/aarch64-linux-gnu/8/../../..] ==> dir [/usr/lib/gcc/aarch64-linux-gnu/8/../../..]
    arg [CMakeFiles/cmTC_f2e7f.dir/CMakeCCompilerABI.c.o] ==> ignore
    arg [-lgcc] ==> lib [gcc]
    arg [--push-state] ==> ignore
    arg [--as-needed] ==> ignore
    arg [-lgcc_s] ==> lib [gcc_s]
    arg [--pop-state] ==> ignore
    arg [-lc] ==> lib [c]
    arg [-lgcc] ==> lib [gcc]
    arg [--push-state] ==> ignore
    arg [--as-needed] ==> ignore
    arg [-lgcc_s] ==> lib [gcc_s]
    arg [--pop-state] ==> ignore
    arg [/usr/lib/gcc/aarch64-linux-gnu/8/crtendS.o] ==> ignore
    arg [/usr/lib/gcc/aarch64-linux-gnu/8/../../../aarch64-linux-gnu/crtn.o] ==> ignore
  collapse library dir [/usr/lib/gcc/aarch64-linux-gnu/8] ==> [/usr/lib/gcc/aarch64-linux-gnu/8]
  collapse library dir [/usr/lib/gcc/aarch64-linux-gnu/8/../../../aarch64-linux-gnu] ==> [/usr/lib/aarch64-linux-gnu]
  collapse library dir [/usr/lib/gcc/aarch64-linux-gnu/8/../../../../lib] ==> [/usr/lib]
  collapse library dir [/lib/aarch64-linux-gnu] ==> [/lib/aarch64-linux-gnu]
  collapse library dir [/lib/../lib] ==> [/lib]
  collapse library dir [/usr/lib/aarch64-linux-gnu] ==> [/usr/lib/aarch64-linux-gnu]
  collapse library dir [/usr/lib/../lib] ==> [/usr/lib]
  collapse library dir [/usr/lib/gcc/aarch64-linux-gnu/8/../../..] ==> [/usr/lib]
  implicit libs: [gcc;gcc_s;c;gcc;gcc_s]
  implicit dirs: [/usr/lib/gcc/aarch64-linux-gnu/8;/usr/lib/aarch64-linux-gnu;/usr/lib;/lib/aarch64-linux-gnu;/lib]
  implicit fwks: []


